INFO:werkzeug:127.0.0.1 - - [23/Feb/2023 22:39:07] "GET / HTTP/1.1" 200 -
INFO:werkzeug:127.0.0.1 - - [23/Feb/2023 22:39:46] "GET / HTTP/1.1" 200 -
INFO:root:name
INFO:root:rating
INFO:root:No Comment Heading
INFO:root:'NoneType' object has no attribute 'div'
INFO:root:log my final result [{'Product': 'waterbottle', 'Name': 'Udhav  Kendre', 'Rating': '5', 'CommentHead': 'Worth every penny', 'Comment': 'Good bottle.', '_id': ObjectId('63f79de5902e9291c31111ef')}, {'Product': 'waterbottle', 'Name': 'Ezarul  Sk ', 'Rating': '5', 'CommentHead': 'Perfect product!', 'Comment': 'Very good bottle', '_id': ObjectId('63f79de5902e9291c31111f0')}, {'Product': 'waterbottle', 'Name': 'Abdul  Shabana', 'Rating': '5', 'CommentHead': 'Awesome', 'Comment': 'Super quality \U0001f970\U0001f60damazing flipkart \U0001f970Best delivery\U0001f4eeNyc product \u2764\ufe0f', '_id': ObjectId('63f79de5902e9291c31111f1')}, {'Product': 'waterbottle', 'Name': 'Vineet  Kookana ', 'Rating': '5', 'CommentHead': 'Worth every penny', 'Comment': 'The product was amazing.No leakage problem. And looks beautiful \U0001f63b', '_id': ObjectId('63f79de5902e9291c31111f2')}, {'Product': 'waterbottle', 'Name': 'Flipkart Customer', 'Rating': '5', 'CommentHead': 'Perfect product!', 'Comment': 'Same as show in picture     value for money thanku so much flipkart', '_id': ObjectId('63f79de5902e9291c31111f3')}, {'Product': 'waterbottle', 'Name': 'Flipkart Customer', 'Rating': '5', 'CommentHead': 'Perfect product!', 'Comment': 'Very good . Worth the price', '_id': ObjectId('63f79de5902e9291c31111f4')}, {'Product': 'waterbottle', 'Name': 'Flipkart Customer', 'Rating': '3', 'CommentHead': 'Decent product', 'Comment': 'Very good product same as picture nice colour', '_id': ObjectId('63f79de5902e9291c31111f5')}, {'Product': 'waterbottle', 'Name': 'Madhumita  Sarkar ', 'Rating': '5', 'CommentHead': 'Fabulous!', 'Comment': 'Very nice.must buy', '_id': ObjectId('63f79de5902e9291c31111f6')}, {'Product': 'waterbottle', 'Name': 'Qarina -', 'Rating': '5', 'CommentHead': 'Highly recommended', 'Comment': 'Very satisfied with these water bottles. They are quite attractive, sturdy and easy to use. Prices are also reasonable.', '_id': ObjectId('63f79de5902e9291c31111f7')}, {'Product': 'waterbottle', 'Name': 'Abhijit pawar', 'Rating': '4', 'CommentHead': 'Really Nice', 'Comment': 'Awsm bottle good quality and look is very \U0001f44c\U0001f44c strong feel in hand thick plasticIf you think to buy then go for it.....', '_id': ObjectId('63f79de5902e9291c31111f8')}, {'Product': 'waterbottle', 'Name': 'Abhijit pawar', 'Rating': 'No Rating', 'CommentHead': 'No Comment Heading', 'Comment': 'Awsm bottle good quality and look is very \U0001f44c\U0001f44c strong feel in hand thick plasticIf you think to buy then go for it.....', '_id': ObjectId('63f79de5902e9291c31111f9')}]
INFO:werkzeug:127.0.0.1 - - [23/Feb/2023 22:39:57] "POST /review HTTP/1.1" 200 -
INFO:werkzeug:[31m[1mWARNING: This is a development server. Do not use it in a production deployment. Use a production WSGI server instead.[0m
 * Running on all addresses (0.0.0.0)
 * Running on http://127.0.0.1:5000
 * Running on http://192.168.113.23:5000
INFO:werkzeug:[33mPress CTRL+C to quit[0m
INFO:werkzeug:127.0.0.1 - - [24/Feb/2023 09:05:37] "GET / HTTP/1.1" 200 -
INFO:root:name
INFO:root:No Comment Heading
INFO:root:local variable 'name' referenced before assignment
INFO:werkzeug:127.0.0.1 - - [24/Feb/2023 09:05:45] "POST /review HTTP/1.1" 200 -
INFO:root:name
INFO:root:No Comment Heading
INFO:root:local variable 'name' referenced before assignment
INFO:werkzeug:127.0.0.1 - - [24/Feb/2023 09:10:23] "POST /review HTTP/1.1" 200 -
INFO:werkzeug:127.0.0.1 - - [24/Feb/2023 09:10:28] "GET / HTTP/1.1" 200 -
INFO:root:name
INFO:root:rating
INFO:root:No Comment Heading
INFO:root:'NoneType' object has no attribute 'div'
INFO:root:log my final result [{'Product': 'ironman', 'Name': 'Flipkart Customer', 'Rating': '5', 'CommentHead': 'Must buy!', 'Comment': 'I loved it', '_id': ObjectId('63f831ba14aea58595948055')}, {'Product': 'ironman', 'Name': 'Madhup Ranjan', 'Rating': '4', 'CommentHead': 'Worth the money', 'Comment': 'amazing but little bit costly.', '_id': ObjectId('63f831ba14aea58595948056')}, {'Product': 'ironman', 'Name': 'Flipkart Customer', 'Rating': '2', 'CommentHead': 'Slightly disappointed', 'Comment': 'Not as imagine', '_id': ObjectId('63f831ba14aea58595948057')}, {'Product': 'ironman', 'Name': 'Aashish', 'Rating': '1', 'CommentHead': 'Hated it!', 'Comment': 'Poor qualityMade in China', '_id': ObjectId('63f831ba14aea58595948058')}, {'Product': 'ironman', 'Name': 'Rishana Riyas', 'Rating': '2', 'CommentHead': 'Expected a better product', 'Comment': 'Delivered Bad quality product.', '_id': ObjectId('63f831ba14aea58595948059')}, {'Product': 'ironman', 'Name': 'Flipkart Customer', 'Rating': '5', 'CommentHead': 'Super!', 'Comment': 'Awesome', '_id': ObjectId('63f831ba14aea5859594805a')}, {'Product': 'ironman', 'Name': 'SAIYAB ALI KHAN', 'Rating': '5', 'CommentHead': 'Terrific', 'Comment': 'nice product \U0001f44d', '_id': ObjectId('63f831ba14aea5859594805b')}, {'Product': 'ironman', 'Name': 'Flipkart Customer', 'Rating': '5', 'CommentHead': 'Perfect product!', 'Comment': 'Good', '_id': ObjectId('63f831ba14aea5859594805c')}, {'Product': 'ironman', 'Name': 'Flipkart Customer', 'Rating': 'No Rating', 'CommentHead': 'No Comment Heading', 'Comment': 'Good', '_id': ObjectId('63f831ba14aea5859594805d')}]
INFO:werkzeug:127.0.0.1 - - [24/Feb/2023 09:10:43] "POST /review HTTP/1.1" 200 -
INFO:werkzeug:127.0.0.1 - - [24/Feb/2023 09:13:14] "GET / HTTP/1.1" 200 -
INFO:root:name
INFO:root:rating
INFO:root:No Comment Heading
INFO:root:'NoneType' object has no attribute 'div'
INFO:root:log my final result [{'Product': 'spiderman', 'Name': 'Flipkart Customer', 'Rating': '5', 'CommentHead': 'Simply awesome', 'Comment': 'Good product', '_id': ObjectId('63f8326014aea5859594805f')}, {'Product': 'spiderman', 'Name': 'Flipkart Customer', 'Rating': '5', 'CommentHead': 'Worth every penny', 'Comment': 'Good quality', '_id': ObjectId('63f8326014aea58595948060')}, {'Product': 'spiderman', 'Name': 'Raghav', 'Rating': '5', 'CommentHead': 'Super!', 'Comment': 'Perfect', '_id': ObjectId('63f8326014aea58595948061')}, {'Product': 'spiderman', 'Name': 'Flipkart Customer', 'Rating': '5', 'CommentHead': 'Must buy!', 'Comment': 'Nice itam', '_id': ObjectId('63f8326014aea58595948062')}, {'Product': 'spiderman', 'Name': 'Santhu Geo', 'Rating': '5', 'CommentHead': 'Just wow!', 'Comment': 'Very good item', '_id': ObjectId('63f8326014aea58595948063')}, {'Product': 'spiderman', 'Name': 'Milan Singh', 'Rating': '4', 'CommentHead': 'Pretty good', 'Comment': 'Happy \U0001f60a', '_id': ObjectId('63f8326014aea58595948064')}, {'Product': 'spiderman', 'Name': 'v.elaya Kumar', 'Rating': '4', 'CommentHead': 'Delightful', 'Comment': 'Good worth for money', '_id': ObjectId('63f8326014aea58595948065')}, {'Product': 'spiderman', 'Name': 'v.elaya Kumar', 'Rating': 'No Rating', 'CommentHead': 'No Comment Heading', 'Comment': 'Good worth for money', '_id': ObjectId('63f8326014aea58595948066')}]
INFO:werkzeug:127.0.0.1 - - [24/Feb/2023 09:13:29] "POST /review HTTP/1.1" 200 -
INFO:werkzeug:127.0.0.1 - - [24/Feb/2023 09:45:03] "GET / HTTP/1.1" 200 -
INFO:werkzeug:127.0.0.1 - - [24/Feb/2023 09:45:55] "[33mPOST /review_postman HTTP/1.1[0m" 404 -
INFO:werkzeug:[31m[1mWARNING: This is a development server. Do not use it in a production deployment. Use a production WSGI server instead.[0m
 * Running on all addresses (0.0.0.0)
 * Running on http://127.0.0.1:5000
 * Running on http://192.168.113.23:5000
INFO:werkzeug:[33mPress CTRL+C to quit[0m
INFO:werkzeug:127.0.0.1 - - [24/Feb/2023 11:54:24] "GET / HTTP/1.1" 200 -
INFO:root:name
INFO:root:rating
INFO:root:No Comment Heading
INFO:root:'NoneType' object has no attribute 'div'
INFO:root:log my final result [{'Product': 'headphone', 'Name': 'anjelius hasda', 'Rating': '5', 'CommentHead': 'Super!', 'Comment': 'Super bass good quality excellent \U0001f44d very good battery\U0001f50b pickup thanks u flipkart \U0001f60a\U0001f60a', '_id': ObjectId('63f85822f161f5b97dcddeed')}, {'Product': 'headphone', 'Name': 'Anil Sheshma', 'Rating': '5', 'CommentHead': 'Awesome', 'Comment': 'Product is so good. Quality is very good . I really like this and suggest to other. The brand not matters but quality is the main base . Thanks flipkart for this. COD is also available for this.', '_id': ObjectId('63f85822f161f5b97dcddeee')}, {'Product': 'headphone', 'Name': 'Rukmini Kumari', 'Rating': '5', 'CommentHead': 'Mind-blowing purchase', 'Comment': "This is really a very good neckband and it gives very nice battery backup and it has very nice sound quality and bass and the best part is that it's charging speed it is super fast.", '_id': ObjectId('63f85822f161f5b97dcddeef')}, {'Product': 'headphone', 'Name': 'Satya Narayan Kumar', 'Rating': '1', 'CommentHead': 'Useless product', 'Comment': 'My product delivered is 18/02/2022And Return policy date is 25/02/2022And today is 27/02/2022This Bluetooth is one speaker not workAnd one speaker is work left speakerIs work and right speaker is not workSo not perches this product', '_id': ObjectId('63f85822f161f5b97dcddef0')}, {'Product': 'headphone', 'Name': 'Flipkart Customer', 'Rating': '1', 'CommentHead': 'Horrible', 'Comment': "Delivered on 18 dec 21. I am posting this on 1 jan 2022 after my product is not working. The on/off button not working. Device is not connecting with mobile. Seems like it's stopped working. The led is still blinking. I only got 13 days to use it. 14th day it's stopped working. Now I am unable to return it since the return period is over. I saw someone says brand doesn't matter just go for it. But now I realise, brand does matter. I recommend to spend some more money and buy a brand", '_id': ObjectId('63f85822f161f5b97dcddef1')}, {'Product': 'headphone', 'Name': 'Flipkart Customer', 'Rating': '5', 'CommentHead': 'Must buy!', 'Comment': 'Sound quality is really very good with good bass effect and design also is good,battery work  for 4-5 days ,one of my friend suggest me for this product it’s really very good at this price ,thanks Flipkart for such a lovely product', '_id': ObjectId('63f85822f161f5b97dcddef2')}, {'Product': 'headphone', 'Name': 'Flipkart Customer', 'Rating': '5', 'CommentHead': 'Worth every penny', 'Comment': "I really love this earphones it fits perfectly in my ears and doesn't fall off even when I'm working out. The sound quality is amazing and for such reasonable rate it's perfect!", '_id': ObjectId('63f85822f161f5b97dcddef3')}, {'Product': 'headphone', 'Name': 'Dip', 'Rating': '5', 'CommentHead': 'Worth every penny', 'Comment': "Here Are The 7 Major Points Which I Noticed \U0001f590\U0001f3fb\U0001f6071) Magnetic Adsorption Is Not Working Properly But It's Not A Major Problem \U0001f6072) Sound Quality Is So Good \U0001f9763) Very Loud And Clear Sound \U0001f60a4) Battery Backup Is Outstanding \U0001f60d5) CALLING Quality Is Decent \U0001f9726) Bluetooth Connectivity Is Very Fast \U0001f6337) You'll Get 3Month Gaana Subscription \U0001f929Overall Very Good Product In This Price \U0001f929Go For It \u2764\ufe0f Highly Recommend", '_id': ObjectId('63f85822f161f5b97dcddef4')}, {'Product': 'headphone', 'Name': 'Chandan Gupta', 'Rating': '5', 'CommentHead': 'Great product', 'Comment': 'Very very nice product I suggested by all friends by purchase super se bhi upar good good good 40 hours battery life good quality sound charge very fast charging Lamba duration time Ab To 3-4 days live time I love it super product', '_id': ObjectId('63f85822f161f5b97dcddef5')}, {'Product': 'headphone', 'Name': 'Bibina Biju', 'Rating': '4', 'CommentHead': 'Very Good', 'Comment': "It's amazing product.. good sound  and superb battery backup. I buy, and use for  this net band in 1month, for now. it's  fantastic. But this  power light was brightening  every time. I love this thank u Flipkart", '_id': ObjectId('63f85822f161f5b97dcddef6')}, {'Product': 'headphone', 'Name': 'Bibina Biju', 'Rating': 'No Rating', 'CommentHead': 'No Comment Heading', 'Comment': "It's amazing product.. good sound  and superb battery backup. I buy, and use for  this net band in 1month, for now. it's  fantastic. But this  power light was brightening  every time. I love this thank u Flipkart", '_id': ObjectId('63f85822f161f5b97dcddef7')}]
INFO:werkzeug:127.0.0.1 - - [24/Feb/2023 11:54:35] "POST /review HTTP/1.1" 200 -
INFO:werkzeug:127.0.0.1 - - [24/Feb/2023 11:55:06] "POST /review_postman HTTP/1.1" 200 -
INFO:werkzeug:127.0.0.1 - - [24/Feb/2023 11:55:26] "POST /review_postman HTTP/1.1" 200 -
INFO:werkzeug:127.0.0.1 - - [24/Feb/2023 11:55:32] "GET / HTTP/1.1" 200 -
INFO:root:list index out of range
INFO:werkzeug:127.0.0.1 - - [24/Feb/2023 11:55:39] "POST /review HTTP/1.1" 200 -
INFO:werkzeug:[31m[1mWARNING: This is a development server. Do not use it in a production deployment. Use a production WSGI server instead.[0m
 * Running on all addresses (0.0.0.0)
 * Running on http://127.0.0.1:5000
 * Running on http://192.168.113.23:5000
INFO:werkzeug:[33mPress CTRL+C to quit[0m
INFO:werkzeug:127.0.0.1 - - [24/Feb/2023 11:56:17] "GET /review HTTP/1.1" 200 -
INFO:root:name
INFO:root:rating
INFO:root:No Comment Heading
INFO:root:'NoneType' object has no attribute 'div'
INFO:root:log my final result [{'Product': 'cycles', 'Name': 'Tom Davis', 'Rating': '5', 'CommentHead': 'Excellent', 'Comment': 'Worth it!Nice design, everybody keep lookin.....Saddle is bit hard, makes pain on butt.I dunno whether its normal or not, The right lever performs the rear brake and left lever performs the front brake. But the braking is quite good. Easy to assemble, only peddals need to be fitted and Handle bar should be tighted before using it. Overall its a good choice \U0001f929Thank you Ekart for timely delivery.and Thank You Flipkart \U0001f91d', '_id': ObjectId('63f8589a105dc107afeb8737')}, {'Product': 'cycles', 'Name': 'Jithin  Jacob Alex ', 'Rating': '4', 'CommentHead': 'Good choice', 'Comment': '1. Delivery was on time.2. Product was neatly packed3. 95% fitted just need to fix pedals and adjust front handle screws.4. Good looking bike.5. Sometimes gear shifter gives problem. Chain will come out of the caset. But may be due to my riding style or gear tuning might be required.6. Overall good quality product with decent looks and value for money.', '_id': ObjectId('63f8589a105dc107afeb8738')}, {'Product': 'cycles', 'Name': 'VINEETH SR', 'Rating': '4', 'CommentHead': 'Delightful', 'Comment': 'Product seems really good for the price point. The frame,brakes and gear is if good quality.Sometimes the gear shifting is a hassle. It makes lot of noise.Overall the bike is really value for money.I had issues with the delivered product.Even though they say that it is ready to ride,only few arrangements need to be done,I had some issues.1.The gear was not put on properly(pic attached)2.The tyres were flat. I had to buy a pump and fill it.Other than these,the delivery was good. Very n...', '_id': ObjectId('63f8589a105dc107afeb8739')}, {'Product': 'cycles', 'Name': 'Flipkart Customer', 'Rating': '5', 'CommentHead': 'Excellent', 'Comment': 'Just got it. Looks sleek and a very good choice I would say. The suspension is really good and the rest seems quite smooth in the running.', '_id': ObjectId('63f8589a105dc107afeb873a')}, {'Product': 'cycles', 'Name': 'Jayanti Sarmah', 'Rating': '5', 'CommentHead': 'Just wow!', 'Comment': "Great cycle. At a very good price. Would've loved it if the company would have provided atleast the bell and the bottle holder along with the cycle. I felt a small dent on my cycle. But wasn't noticible hence kept it. Reviewing after using it for 30kms. You can surely go for it.", '_id': ObjectId('63f8589a105dc107afeb873b')}, {'Product': 'cycles', 'Name': 'Vishv Patel', 'Rating': '4', 'CommentHead': 'Good quality product', 'Comment': "Writing review after 1000km of ride. It's valuable for money product. Initially you may have to adjust brakes as it making sound with disk in normal riding. Need to lubricate chain for smooth shifting and need to adjust gear for proper shifting. Ride wise you won't face any other issues. Good to go with this price point.", '_id': ObjectId('63f8589a105dc107afeb873c')}, {'Product': 'cycles', 'Name': 'Shubham  Sinha', 'Rating': '4', 'CommentHead': 'Wonderful', 'Comment': 'Very Nice Bike.First impression is the best and this bike looks very cool.It is made for bikers.I ordered it yesterday and it delivered today so delivery is very fast.At last this product is good and you can buy it \U0001f44d\U0001f44d\U0001f525', '_id': ObjectId('63f8589a105dc107afeb873d')}, {'Product': 'cycles', 'Name': 'Balaji G', 'Rating': '5', 'CommentHead': 'Simply awesome', 'Comment': 'It is an excellent cycle, I just loved it.everything is so perfect in it.', '_id': ObjectId('63f8589a105dc107afeb873e')}, {'Product': 'cycles', 'Name': 'Flipkart Customer', 'Rating': '5', 'CommentHead': 'Worth every penny', 'Comment': 'Just awesome', '_id': ObjectId('63f8589a105dc107afeb873f')}, {'Product': 'cycles', 'Name': 'ABHITH  E K', 'Rating': '4', 'CommentHead': 'Nice product', 'Comment': 'Good Cycle\U0001f970', '_id': ObjectId('63f8589a105dc107afeb8740')}, {'Product': 'cycles', 'Name': 'ABHITH  E K', 'Rating': 'No Rating', 'CommentHead': 'No Comment Heading', 'Comment': 'Good Cycle\U0001f970', '_id': ObjectId('63f8589a105dc107afeb8741')}]
INFO:werkzeug:127.0.0.1 - - [24/Feb/2023 11:56:35] "POST /review HTTP/1.1" 200 -
INFO:werkzeug:127.0.0.1 - - [24/Feb/2023 11:56:40] "GET / HTTP/1.1" 200 -
INFO:root:name
INFO:root:rating
INFO:root:No Comment Heading
INFO:root:'NoneType' object has no attribute 'div'
INFO:root:log my final result [{'Product': 'tricycle', 'Name': 'Dr.  Rakesh Rana', 'Rating': '5', 'CommentHead': 'Just wow!', 'Comment': 'Very Good product....Quality is Superb....Stylist also....Parenting handle control is good ...Overall good product...... \U0001f973\U0001f973My son is very happy with this tricycle....', '_id': ObjectId('63f858ab105dc107afeb8743')}, {'Product': 'tricycle', 'Name': 'Sasi Kumar ', 'Rating': '5', 'CommentHead': 'Must buy!', 'Comment': 'Not bad', '_id': ObjectId('63f858ab105dc107afeb8744')}, {'Product': 'tricycle', 'Name': 'Mahesh Nair', 'Rating': '4', 'CommentHead': 'Wonderful', 'Comment': 'Nice My little angel loved a most', '_id': ObjectId('63f858ab105dc107afeb8745')}, {'Product': 'tricycle', 'Name': '', 'Rating': '5', 'CommentHead': 'Must buy!', 'Comment': 'Good quality', '_id': ObjectId('63f858ab105dc107afeb8746')}, {'Product': 'tricycle', 'Name': 'Bablu Chaudhary', 'Rating': '4', 'CommentHead': 'Good choice', 'Comment': "My child ultimately happy... superb trycycl for 1year to 4 year baby's...nice delivery from Flipkart thanks", '_id': ObjectId('63f858ab105dc107afeb8747')}, {'Product': 'tricycle', 'Name': 'Rahat Bano  Shaikh ', 'Rating': '5', 'CommentHead': 'Excellent', 'Comment': 'So Amazing To Good', '_id': ObjectId('63f858ab105dc107afeb8748')}, {'Product': 'tricycle', 'Name': 'Naveen Sahal', 'Rating': '5', 'CommentHead': 'Brilliant', 'Comment': 'gifted to my nephew, he is enjoying it.', '_id': ObjectId('63f858ab105dc107afeb8749')}, {'Product': 'tricycle', 'Name': 'Srishailam Sree Chintuu', 'Rating': '5', 'CommentHead': 'Wonderful', 'Comment': 'Superb metal body.. very strong...', '_id': ObjectId('63f858ab105dc107afeb874a')}, {'Product': 'tricycle', 'Name': 'Flipkart Customer', 'Rating': '3', 'CommentHead': 'Decent product', 'Comment': 'Excellent', '_id': ObjectId('63f858ab105dc107afeb874b')}, {'Product': 'tricycle', 'Name': 'BHUVAN Raj', 'Rating': '1', 'CommentHead': 'Did not meet expectations', 'Comment': 'Tyr demege', '_id': ObjectId('63f858ab105dc107afeb874c')}, {'Product': 'tricycle', 'Name': 'BHUVAN Raj', 'Rating': 'No Rating', 'CommentHead': 'No Comment Heading', 'Comment': 'Tyr demege', '_id': ObjectId('63f858ab105dc107afeb874d')}]
INFO:werkzeug:127.0.0.1 - - [24/Feb/2023 11:56:51] "POST /review HTTP/1.1" 200 -
ERROR:app:Exception on /review_postman [POST]
Traceback (most recent call last):
  File "C:\Users\mevad\AppData\Local\Programs\Python\Python310\lib\site-packages\flask\app.py", line 2528, in wsgi_app
    response = self.full_dispatch_request()
  File "C:\Users\mevad\AppData\Local\Programs\Python\Python310\lib\site-packages\flask\app.py", line 1826, in full_dispatch_request
    return self.finalize_request(rv)
  File "C:\Users\mevad\AppData\Local\Programs\Python\Python310\lib\site-packages\flask\app.py", line 1845, in finalize_request
    response = self.make_response(rv)
  File "C:\Users\mevad\AppData\Local\Programs\Python\Python310\lib\site-packages\flask\app.py", line 2173, in make_response
    raise TypeError(
TypeError: The view function did not return a valid response. The return type must be a string, dict, list, tuple with headers or status, Response instance, or WSGI callable, but it was a InvalidURL.
INFO:werkzeug:127.0.0.1 - - [24/Feb/2023 11:57:08] "[35m[1mPOST /review_postman HTTP/1.1[0m" 500 -
INFO:werkzeug:[31m[1mWARNING: This is a development server. Do not use it in a production deployment. Use a production WSGI server instead.[0m
 * Running on all addresses (0.0.0.0)
 * Running on http://127.0.0.1:5000
 * Running on http://192.168.113.23:5000
INFO:werkzeug:[33mPress CTRL+C to quit[0m
ERROR:app:Exception on /review_postman [POST]
Traceback (most recent call last):
  File "C:\Users\mevad\AppData\Local\Programs\Python\Python310\lib\site-packages\flask\app.py", line 2528, in wsgi_app
    response = self.full_dispatch_request()
  File "C:\Users\mevad\AppData\Local\Programs\Python\Python310\lib\site-packages\flask\app.py", line 1826, in full_dispatch_request
    return self.finalize_request(rv)
  File "C:\Users\mevad\AppData\Local\Programs\Python\Python310\lib\site-packages\flask\app.py", line 1845, in finalize_request
    response = self.make_response(rv)
  File "C:\Users\mevad\AppData\Local\Programs\Python\Python310\lib\site-packages\flask\app.py", line 2173, in make_response
    raise TypeError(
TypeError: The view function did not return a valid response. The return type must be a string, dict, list, tuple with headers or status, Response instance, or WSGI callable, but it was a UnboundLocalError.
INFO:werkzeug:127.0.0.1 - - [24/Feb/2023 12:08:43] "[35m[1mPOST /review_postman HTTP/1.1[0m" 500 -
INFO:werkzeug:127.0.0.1 - - [24/Feb/2023 12:08:59] "GET / HTTP/1.1" 200 -
INFO:root:name
INFO:root:No Comment Heading
INFO:root:local variable 'name' referenced before assignment
INFO:werkzeug:127.0.0.1 - - [24/Feb/2023 12:09:11] "POST /review HTTP/1.1" 200 -
INFO:werkzeug:127.0.0.1 - - [24/Feb/2023 12:09:15] "GET / HTTP/1.1" 200 -
INFO:root:name
INFO:root:rating
INFO:root:No Comment Heading
INFO:root:'NoneType' object has no attribute 'div'
INFO:root:log my final result [{'Product': 'ceicketball', 'Name': 'Bikash Kumar  Choudhury ', 'Rating': '4', 'CommentHead': 'Good choice', 'Comment': 'Good product but when it touch to bat then it release very loud noise, no softness in this ball everything else is fine.', '_id': ObjectId('63f85b9cd78b0673d0cf4199')}, {'Product': 'ceicketball', 'Name': 'FaizaL Ahmed  Abdul Aziz', 'Rating': '5', 'CommentHead': 'Super!', 'Comment': 'Good, Strong Ball', '_id': ObjectId('63f85b9cd78b0673d0cf419a')}, {'Product': 'ceicketball', 'Name': 'LITU MAJHI', 'Rating': '5', 'CommentHead': 'Simply awesome', 'Comment': 'Very nice', '_id': ObjectId('63f85b9cd78b0673d0cf419b')}, {'Product': 'ceicketball', 'Name': 'sonu saw', 'Rating': '5', 'CommentHead': 'Worth every penny', 'Comment': 'Nice Cricket Synthetic ball', '_id': ObjectId('63f85b9cd78b0673d0cf419c')}, {'Product': 'ceicketball', 'Name': 'Flipkart Customer', 'Rating': '5', 'CommentHead': 'Terrific', 'Comment': 'Good for practice', '_id': ObjectId('63f85b9cd78b0673d0cf419d')}, {'Product': 'ceicketball', 'Name': 'Pavun Kumar', 'Rating': '4', 'CommentHead': 'Really Nice', 'Comment': 'Wow', '_id': ObjectId('63f85b9cd78b0673d0cf419e')}, {'Product': 'ceicketball', 'Name': 'Flipkart Customer', 'Rating': '4', 'CommentHead': 'Really Nice', 'Comment': 'It is very good product \U0001f929', '_id': ObjectId('63f85b9cd78b0673d0cf419f')}, {'Product': 'ceicketball', 'Name': 'Sunbir Tomar', 'Rating': '4', 'CommentHead': 'Good quality product', 'Comment': 'Good \U0001f44d', '_id': ObjectId('63f85b9cd78b0673d0cf41a0')}, {'Product': 'ceicketball', 'Name': 'Sohaib Zehen', 'Rating': '5', 'CommentHead': 'Great product', 'Comment': 'Excellent \U0001f44d\U0001f60a', '_id': ObjectId('63f85b9cd78b0673d0cf41a1')}, {'Product': 'ceicketball', 'Name': 'Yathawan Kana', 'Rating': '5', 'CommentHead': 'Super!', 'Comment': 'Best knocker', '_id': ObjectId('63f85b9cd78b0673d0cf41a2')}, {'Product': 'ceicketball', 'Name': 'Yathawan Kana', 'Rating': 'No Rating', 'CommentHead': 'No Comment Heading', 'Comment': 'Best knocker', '_id': ObjectId('63f85b9cd78b0673d0cf41a3')}]
INFO:werkzeug:127.0.0.1 - - [24/Feb/2023 12:09:26] "POST /review HTTP/1.1" 200 -
ERROR:app:Exception on /review_postman [POST]
Traceback (most recent call last):
  File "C:\Users\mevad\AppData\Local\Programs\Python\Python310\lib\site-packages\flask\app.py", line 2528, in wsgi_app
    response = self.full_dispatch_request()
  File "C:\Users\mevad\AppData\Local\Programs\Python\Python310\lib\site-packages\flask\app.py", line 1826, in full_dispatch_request
    return self.finalize_request(rv)
  File "C:\Users\mevad\AppData\Local\Programs\Python\Python310\lib\site-packages\flask\app.py", line 1845, in finalize_request
    response = self.make_response(rv)
  File "C:\Users\mevad\AppData\Local\Programs\Python\Python310\lib\site-packages\flask\app.py", line 2173, in make_response
    raise TypeError(
TypeError: The view function did not return a valid response. The return type must be a string, dict, list, tuple with headers or status, Response instance, or WSGI callable, but it was a UnboundLocalError.
INFO:werkzeug:127.0.0.1 - - [24/Feb/2023 12:10:30] "[35m[1mPOST /review_postman HTTP/1.1[0m" 500 -
ERROR:app:Exception on /review_postman [POST]
Traceback (most recent call last):
  File "C:\Users\mevad\AppData\Local\Programs\Python\Python310\lib\site-packages\flask\app.py", line 2528, in wsgi_app
    response = self.full_dispatch_request()
  File "C:\Users\mevad\AppData\Local\Programs\Python\Python310\lib\site-packages\flask\app.py", line 1826, in full_dispatch_request
    return self.finalize_request(rv)
  File "C:\Users\mevad\AppData\Local\Programs\Python\Python310\lib\site-packages\flask\app.py", line 1845, in finalize_request
    response = self.make_response(rv)
  File "C:\Users\mevad\AppData\Local\Programs\Python\Python310\lib\site-packages\flask\app.py", line 2173, in make_response
    raise TypeError(
TypeError: The view function did not return a valid response. The return type must be a string, dict, list, tuple with headers or status, Response instance, or WSGI callable, but it was a UnboundLocalError.
INFO:werkzeug:127.0.0.1 - - [24/Feb/2023 12:11:43] "[35m[1mPOST /review_postman HTTP/1.1[0m" 500 -
INFO:werkzeug:[31m[1mWARNING: This is a development server. Do not use it in a production deployment. Use a production WSGI server instead.[0m
 * Running on all addresses (0.0.0.0)
 * Running on http://127.0.0.1:5000
 * Running on http://192.168.113.23:5000
INFO:werkzeug:[33mPress CTRL+C to quit[0m
ERROR:app:Exception on /review_postman [POST]
Traceback (most recent call last):
  File "C:\Users\mevad\AppData\Local\Programs\Python\Python310\lib\site-packages\flask\app.py", line 2528, in wsgi_app
    response = self.full_dispatch_request()
  File "C:\Users\mevad\AppData\Local\Programs\Python\Python310\lib\site-packages\flask\app.py", line 1826, in full_dispatch_request
    return self.finalize_request(rv)
  File "C:\Users\mevad\AppData\Local\Programs\Python\Python310\lib\site-packages\flask\app.py", line 1845, in finalize_request
    response = self.make_response(rv)
  File "C:\Users\mevad\AppData\Local\Programs\Python\Python310\lib\site-packages\flask\app.py", line 2173, in make_response
    raise TypeError(
TypeError: The view function did not return a valid response. The return type must be a string, dict, list, tuple with headers or status, Response instance, or WSGI callable, but it was a UnboundLocalError.
INFO:werkzeug:127.0.0.1 - - [24/Feb/2023 12:12:24] "[35m[1mPOST /review_postman HTTP/1.1[0m" 500 -
ERROR:app:Exception on /review_postman [POST]
Traceback (most recent call last):
  File "C:\Users\mevad\AppData\Local\Programs\Python\Python310\lib\site-packages\flask\app.py", line 2528, in wsgi_app
    response = self.full_dispatch_request()
  File "C:\Users\mevad\AppData\Local\Programs\Python\Python310\lib\site-packages\flask\app.py", line 1826, in full_dispatch_request
    return self.finalize_request(rv)
  File "C:\Users\mevad\AppData\Local\Programs\Python\Python310\lib\site-packages\flask\app.py", line 1845, in finalize_request
    response = self.make_response(rv)
  File "C:\Users\mevad\AppData\Local\Programs\Python\Python310\lib\site-packages\flask\app.py", line 2173, in make_response
    raise TypeError(
TypeError: The view function did not return a valid response. The return type must be a string, dict, list, tuple with headers or status, Response instance, or WSGI callable, but it was a UnboundLocalError.
INFO:werkzeug:127.0.0.1 - - [24/Feb/2023 12:17:54] "[35m[1mPOST /review_postman HTTP/1.1[0m" 500 -
INFO:werkzeug:127.0.0.1 - - [24/Feb/2023 12:21:23] "[31m[1mPOST /review_postman HTTP/1.1[0m" 400 -
INFO:werkzeug:[31m[1mWARNING: This is a development server. Do not use it in a production deployment. Use a production WSGI server instead.[0m
 * Running on all addresses (0.0.0.0)
 * Running on http://127.0.0.1:5000
 * Running on http://192.168.0.106:5000
INFO:werkzeug:[33mPress CTRL+C to quit[0m
INFO:werkzeug:127.0.0.1 - - [24/Feb/2023 16:45:10] "POST /review_postman HTTP/1.1" 200 -
INFO:werkzeug:127.0.0.1 - - [24/Feb/2023 16:45:24] "POST /review_postman HTTP/1.1" 200 -
INFO:werkzeug:[31m[1mWARNING: This is a development server. Do not use it in a production deployment. Use a production WSGI server instead.[0m
 * Running on all addresses (0.0.0.0)
 * Running on http://127.0.0.1:5000
 * Running on http://192.168.0.106:5000
INFO:werkzeug:[33mPress CTRL+C to quit[0m
ERROR:app:Exception on /review_postman [POST]
Traceback (most recent call last):
  File "C:\Users\mevad\AppData\Local\Programs\Python\Python310\lib\site-packages\flask\app.py", line 2528, in wsgi_app
    response = self.full_dispatch_request()
  File "C:\Users\mevad\AppData\Local\Programs\Python\Python310\lib\site-packages\flask\app.py", line 1826, in full_dispatch_request
    return self.finalize_request(rv)
  File "C:\Users\mevad\AppData\Local\Programs\Python\Python310\lib\site-packages\flask\app.py", line 1845, in finalize_request
    response = self.make_response(rv)
  File "C:\Users\mevad\AppData\Local\Programs\Python\Python310\lib\site-packages\flask\app.py", line 2173, in make_response
    raise TypeError(
TypeError: The view function did not return a valid response. The return type must be a string, dict, list, tuple with headers or status, Response instance, or WSGI callable, but it was a UnboundLocalError.
INFO:werkzeug:127.0.0.1 - - [24/Feb/2023 16:45:49] "[35m[1mPOST /review_postman HTTP/1.1[0m" 500 -
ERROR:app:Exception on /review_postman [POST]
Traceback (most recent call last):
  File "C:\Users\mevad\AppData\Local\Programs\Python\Python310\lib\site-packages\flask\app.py", line 2528, in wsgi_app
    response = self.full_dispatch_request()
  File "C:\Users\mevad\AppData\Local\Programs\Python\Python310\lib\site-packages\flask\app.py", line 1826, in full_dispatch_request
    return self.finalize_request(rv)
  File "C:\Users\mevad\AppData\Local\Programs\Python\Python310\lib\site-packages\flask\app.py", line 1845, in finalize_request
    response = self.make_response(rv)
  File "C:\Users\mevad\AppData\Local\Programs\Python\Python310\lib\site-packages\flask\app.py", line 2173, in make_response
    raise TypeError(
TypeError: The view function did not return a valid response. The return type must be a string, dict, list, tuple with headers or status, Response instance, or WSGI callable, but it was a UnboundLocalError.
INFO:werkzeug:127.0.0.1 - - [24/Feb/2023 16:46:05] "[35m[1mPOST /review_postman HTTP/1.1[0m" 500 -
INFO:werkzeug:127.0.0.1 - - [24/Feb/2023 16:46:22] "GET / HTTP/1.1" 200 -
INFO:root:name
INFO:root:rating
INFO:root:No Comment Heading
INFO:root:'NoneType' object has no attribute 'div'
INFO:root:log my final result [{'Product': 'pendrive', 'Name': 'Mohammed Shahid Shaikh', 'Rating': '5', 'CommentHead': 'THIS PRODUCT IS SO GOOD', 'Comment': 'AN EXCELLENT PRODUCT FROM HP IT IS SO GOOD I RECOMMEND IT TO EVERYONE IF THEY NEED A PEN DRIVE THIS ONE IS BETTER  THANKS TO HP AND FLIPKART ALSO FOR BETTER SERVICE ....', '_id': ObjectId('63f89c96a7475a81e725a679')}, {'Product': 'pendrive', 'Name': 'Nouman Khan', 'Rating': '5', 'CommentHead': 'Best in the market!', 'Comment': "First i like to Thank Flipkart for Amazing product, and Pendrive is fabulous no any problem with pendrive very fast transferring files everything and metal body and i have already hp 12 pendrive's and hp pendrive's is world's no 1 fabulous pendrive's and nice combination nice colour and fast deliver by Flipkart and don't thing about it just go for it if u want to purchase pendrive don't thing just buy hp pendrives and please don't but other brandThanks Flipkart And Thanks for SellerAnd sp...", '_id': ObjectId('63f89c96a7475a81e725a67a')}, {'Product': 'pendrive', 'Name': 'Bhanu Prakash Shukla', 'Rating': '5', 'CommentHead': 'Fabulous!', 'Comment': "It's best pendrive and superb quality with metal body fantastic it has 25 mb of read speed and 7 mb of write speed you dam purchase it fantastic product and it is so small in size which look preety cool \U0001f192\U0001f60e\u2744", '_id': ObjectId('63f89c96a7475a81e725a67b')}, {'Product': 'pendrive', 'Name': 'Santosh Marathe', 'Rating': '4', 'CommentHead': 'Suppub', 'Comment': 'I am satisfied with the product and the fast service flipkart provides.1) thare is no problem in the product.2)packing also was very good.3)product  is as same as it was showed.4)it reached me in only 12 hours.5)the storage capacity was also good.Finally thank you to the flipkartYou can buy this product It is hundred percent safe and good.You can buy...**\U0001f44d\U0001f44c\u263a', '_id': ObjectId('63f89c96a7475a81e725a67c')}, {'Product': 'pendrive', 'Name': 'Zameer Ahmad', 'Rating': '5', 'CommentHead': 'Simply awesome', 'Comment': "Verry Good Product. And My Speed For Laptop Pandrive 6mbps And 5mbps verry verry good Product and Condition Awosam And Mattel Body And Good Quality Thanks To Flipcart India. And Best Price, Flipcart Se Hi Kafi Shopping Karta Hu Mujhe Yaha Best Price Ke Saath Saath Best Quality Bhi Milti Hain \U0001f44d\U0001f3fb I'M Happy \U0001f604", '_id': ObjectId('63f89c96a7475a81e725a67d')}, {'Product': 'pendrive', 'Name': 'Senthil Kumar', 'Rating': '5', 'CommentHead': 'Excellent', 'Comment': 'I luv itTis is so osum', '_id': ObjectId('63f89c96a7475a81e725a67e')}, {'Product': 'pendrive', 'Name': 'Shahid Ansari', 'Rating': '5', 'CommentHead': 'Awesome', 'Comment': 'I using this pendrive a couple of months.  and I found that I am satisfied with this.  Value for money. Go fo it.', '_id': ObjectId('63f89c96a7475a81e725a67f')}, {'Product': 'pendrive', 'Name': 'Vibn Vibn', 'Rating': '5', 'CommentHead': 'Awesome', 'Comment': 'very nice stylish pendrive .. super fast', '_id': ObjectId('63f89c96a7475a81e725a680')}, {'Product': 'pendrive', 'Name': 'Vishal .', 'Rating': '4', 'CommentHead': 'Worth Price', 'Comment': "It is best pendrive. It is best in looks, writing speed, reading speed and it's mettalic body gives it great look and rigidity...", '_id': ObjectId('63f89c96a7475a81e725a681')}, {'Product': 'pendrive', 'Name': 'Rohit  Dicholkar', 'Rating': '5', 'CommentHead': 'Great product', 'Comment': 'Good patients', '_id': ObjectId('63f89c96a7475a81e725a682')}, {'Product': 'pendrive', 'Name': 'Rohit  Dicholkar', 'Rating': 'No Rating', 'CommentHead': 'No Comment Heading', 'Comment': 'Good patients', '_id': ObjectId('63f89c96a7475a81e725a683')}]
INFO:werkzeug:127.0.0.1 - - [24/Feb/2023 16:46:38] "POST /review HTTP/1.1" 200 -
ERROR:app:Exception on /review_postman [POST]
Traceback (most recent call last):
  File "C:\Users\mevad\AppData\Local\Programs\Python\Python310\lib\site-packages\flask\app.py", line 2528, in wsgi_app
    response = self.full_dispatch_request()
  File "C:\Users\mevad\AppData\Local\Programs\Python\Python310\lib\site-packages\flask\app.py", line 1826, in full_dispatch_request
    return self.finalize_request(rv)
  File "C:\Users\mevad\AppData\Local\Programs\Python\Python310\lib\site-packages\flask\app.py", line 1845, in finalize_request
    response = self.make_response(rv)
  File "C:\Users\mevad\AppData\Local\Programs\Python\Python310\lib\site-packages\flask\app.py", line 2173, in make_response
    raise TypeError(
TypeError: The view function did not return a valid response. The return type must be a string, dict, list, tuple with headers or status, Response instance, or WSGI callable, but it was a UnboundLocalError.
INFO:werkzeug:127.0.0.1 - - [24/Feb/2023 16:47:32] "[35m[1mPOST /review_postman HTTP/1.1[0m" 500 -
INFO:werkzeug:[31m[1mWARNING: This is a development server. Do not use it in a production deployment. Use a production WSGI server instead.[0m
 * Running on all addresses (0.0.0.0)
 * Running on http://127.0.0.1:5000
 * Running on http://192.168.0.106:5000
INFO:werkzeug:[33mPress CTRL+C to quit[0m
INFO:werkzeug:127.0.0.1 - - [24/Feb/2023 16:47:57] "POST /review_postman HTTP/1.1" 200 -
INFO:werkzeug:[31m[1mWARNING: This is a development server. Do not use it in a production deployment. Use a production WSGI server instead.[0m
 * Running on all addresses (0.0.0.0)
 * Running on http://127.0.0.1:5000
 * Running on http://192.168.0.106:5000
INFO:werkzeug:[33mPress CTRL+C to quit[0m
INFO:werkzeug:127.0.0.1 - - [24/Feb/2023 16:48:43] "POST /review_postman HTTP/1.1" 200 -
INFO:werkzeug:127.0.0.1 - - [24/Feb/2023 16:52:46] "POST /review_postman HTTP/1.1" 200 -
ERROR:app:Exception on /review_postman [GET]
Traceback (most recent call last):
  File "C:\Users\mevad\AppData\Local\Programs\Python\Python310\lib\site-packages\flask\app.py", line 2528, in wsgi_app
    response = self.full_dispatch_request()
  File "C:\Users\mevad\AppData\Local\Programs\Python\Python310\lib\site-packages\flask\app.py", line 1826, in full_dispatch_request
    return self.finalize_request(rv)
  File "C:\Users\mevad\AppData\Local\Programs\Python\Python310\lib\site-packages\flask\app.py", line 1845, in finalize_request
    response = self.make_response(rv)
  File "C:\Users\mevad\AppData\Local\Programs\Python\Python310\lib\site-packages\flask\app.py", line 2137, in make_response
    raise TypeError(
TypeError: The view function for 'index_postman' did not return a valid response. The function either returned None or ended without a return statement.
INFO:werkzeug:127.0.0.1 - - [24/Feb/2023 16:52:52] "[35m[1mGET /review_postman HTTP/1.1[0m" 500 -
INFO:werkzeug:127.0.0.1 - - [24/Feb/2023 16:53:04] "POST /review_postman HTTP/1.1" 200 -
INFO:werkzeug:[31m[1mWARNING: This is a development server. Do not use it in a production deployment. Use a production WSGI server instead.[0m
 * Running on all addresses (0.0.0.0)
 * Running on http://127.0.0.1:5000
 * Running on http://192.168.0.106:5000
INFO:werkzeug:[33mPress CTRL+C to quit[0m
INFO:werkzeug:127.0.0.1 - - [24/Feb/2023 16:54:08] "POST /review_postman HTTP/1.1" 200 -
ERROR:app:Exception on /review_postman [POST]
Traceback (most recent call last):
  File "C:\Users\mevad\AppData\Local\Programs\Python\Python310\lib\site-packages\flask\wrappers.py", line 128, in on_json_loading_failed
    return super().on_json_loading_failed(e)
  File "C:\Users\mevad\AppData\Local\Programs\Python\Python310\lib\site-packages\werkzeug\wrappers\request.py", line 631, in on_json_loading_failed
    raise BadRequest(
werkzeug.exceptions.BadRequest: 400 Bad Request: Did not attempt to load JSON data because the request Content-Type was not 'application/json'.

The above exception was the direct cause of the following exception:

Traceback (most recent call last):
  File "D:\Files\python\Pwskills\web_scraping_project\app.py", line 107, in index_postman
    searchString = request.json["content"].replace(" ", "")
  File "C:\Users\mevad\AppData\Local\Programs\Python\Python310\lib\site-packages\werkzeug\wrappers\request.py", line 548, in json
    return self.get_json()
  File "C:\Users\mevad\AppData\Local\Programs\Python\Python310\lib\site-packages\werkzeug\wrappers\request.py", line 591, in get_json
    return self.on_json_loading_failed(None)
  File "C:\Users\mevad\AppData\Local\Programs\Python\Python310\lib\site-packages\flask\wrappers.py", line 133, in on_json_loading_failed
    raise BadRequest() from e
werkzeug.exceptions.BadRequest: 400 Bad Request: The browser (or proxy) sent a request that this server could not understand.

During handling of the above exception, another exception occurred:

Traceback (most recent call last):
  File "C:\Users\mevad\AppData\Local\Programs\Python\Python310\lib\site-packages\flask\app.py", line 2528, in wsgi_app
    response = self.full_dispatch_request()
  File "C:\Users\mevad\AppData\Local\Programs\Python\Python310\lib\site-packages\flask\app.py", line 1825, in full_dispatch_request
    rv = self.handle_user_exception(e)
  File "C:\Users\mevad\AppData\Local\Programs\Python\Python310\lib\site-packages\flask\app.py", line 1823, in full_dispatch_request
    rv = self.dispatch_request()
  File "C:\Users\mevad\AppData\Local\Programs\Python\Python310\lib\site-packages\flask\app.py", line 1799, in dispatch_request
    return self.ensure_sync(self.view_functions[rule.endpoint])(**view_args)
  File "D:\Files\python\Pwskills\web_scraping_project\app.py", line 168, in index_postman
    return jsonify(reviews)
UnboundLocalError: local variable 'reviews' referenced before assignment
INFO:werkzeug:127.0.0.1 - - [24/Feb/2023 16:54:20] "[35m[1mPOST /review_postman HTTP/1.1[0m" 500 -
ERROR:app:Exception on /review_postman [POST]
Traceback (most recent call last):
  File "C:\Users\mevad\AppData\Local\Programs\Python\Python310\lib\site-packages\flask\wrappers.py", line 128, in on_json_loading_failed
    return super().on_json_loading_failed(e)
  File "C:\Users\mevad\AppData\Local\Programs\Python\Python310\lib\site-packages\werkzeug\wrappers\request.py", line 631, in on_json_loading_failed
    raise BadRequest(
werkzeug.exceptions.BadRequest: 400 Bad Request: Did not attempt to load JSON data because the request Content-Type was not 'application/json'.

The above exception was the direct cause of the following exception:

Traceback (most recent call last):
  File "D:\Files\python\Pwskills\web_scraping_project\app.py", line 107, in index_postman
    searchString = request.json["content"].replace(" ", "")
  File "C:\Users\mevad\AppData\Local\Programs\Python\Python310\lib\site-packages\werkzeug\wrappers\request.py", line 548, in json
    return self.get_json()
  File "C:\Users\mevad\AppData\Local\Programs\Python\Python310\lib\site-packages\werkzeug\wrappers\request.py", line 591, in get_json
    return self.on_json_loading_failed(None)
  File "C:\Users\mevad\AppData\Local\Programs\Python\Python310\lib\site-packages\flask\wrappers.py", line 133, in on_json_loading_failed
    raise BadRequest() from e
werkzeug.exceptions.BadRequest: 400 Bad Request: The browser (or proxy) sent a request that this server could not understand.

During handling of the above exception, another exception occurred:

Traceback (most recent call last):
  File "C:\Users\mevad\AppData\Local\Programs\Python\Python310\lib\site-packages\flask\app.py", line 2528, in wsgi_app
    response = self.full_dispatch_request()
  File "C:\Users\mevad\AppData\Local\Programs\Python\Python310\lib\site-packages\flask\app.py", line 1825, in full_dispatch_request
    rv = self.handle_user_exception(e)
  File "C:\Users\mevad\AppData\Local\Programs\Python\Python310\lib\site-packages\flask\app.py", line 1823, in full_dispatch_request
    rv = self.dispatch_request()
  File "C:\Users\mevad\AppData\Local\Programs\Python\Python310\lib\site-packages\flask\app.py", line 1799, in dispatch_request
    return self.ensure_sync(self.view_functions[rule.endpoint])(**view_args)
  File "D:\Files\python\Pwskills\web_scraping_project\app.py", line 168, in index_postman
    return jsonify(reviews)
UnboundLocalError: local variable 'reviews' referenced before assignment
INFO:werkzeug:127.0.0.1 - - [24/Feb/2023 16:54:38] "[35m[1mPOST /review_postman HTTP/1.1[0m" 500 -
ERROR:app:Exception on /review_postman [POST]
Traceback (most recent call last):
  File "C:\Users\mevad\AppData\Local\Programs\Python\Python310\lib\site-packages\werkzeug\wrappers\request.py", line 598, in get_json
    rv = self.json_module.loads(data)
  File "C:\Users\mevad\AppData\Local\Programs\Python\Python310\lib\site-packages\flask\json\provider.py", line 255, in loads
    return json.loads(s, **kwargs)
  File "C:\Users\mevad\AppData\Local\Programs\Python\Python310\lib\json\__init__.py", line 346, in loads
    return _default_decoder.decode(s)
  File "C:\Users\mevad\AppData\Local\Programs\Python\Python310\lib\json\decoder.py", line 337, in decode
    obj, end = self.raw_decode(s, idx=_w(s, 0).end())
  File "C:\Users\mevad\AppData\Local\Programs\Python\Python310\lib\json\decoder.py", line 353, in raw_decode
    obj, end = self.scan_once(s, idx)
json.decoder.JSONDecodeError: Expecting ':' delimiter: line 2 column 14 (char 16)

During handling of the above exception, another exception occurred:

Traceback (most recent call last):
  File "C:\Users\mevad\AppData\Local\Programs\Python\Python310\lib\site-packages\flask\wrappers.py", line 128, in on_json_loading_failed
    return super().on_json_loading_failed(e)
  File "C:\Users\mevad\AppData\Local\Programs\Python\Python310\lib\site-packages\werkzeug\wrappers\request.py", line 629, in on_json_loading_failed
    raise BadRequest(f"Failed to decode JSON object: {e}")
werkzeug.exceptions.BadRequest: 400 Bad Request: Failed to decode JSON object: Expecting ':' delimiter: line 2 column 14 (char 16)

The above exception was the direct cause of the following exception:

Traceback (most recent call last):
  File "D:\Files\python\Pwskills\web_scraping_project\app.py", line 107, in index_postman
    searchString = request.json["content"].replace(" ", "")
  File "C:\Users\mevad\AppData\Local\Programs\Python\Python310\lib\site-packages\werkzeug\wrappers\request.py", line 548, in json
    return self.get_json()
  File "C:\Users\mevad\AppData\Local\Programs\Python\Python310\lib\site-packages\werkzeug\wrappers\request.py", line 607, in get_json
    rv = self.on_json_loading_failed(e)
  File "C:\Users\mevad\AppData\Local\Programs\Python\Python310\lib\site-packages\flask\wrappers.py", line 133, in on_json_loading_failed
    raise BadRequest() from e
werkzeug.exceptions.BadRequest: 400 Bad Request: The browser (or proxy) sent a request that this server could not understand.

During handling of the above exception, another exception occurred:

Traceback (most recent call last):
  File "C:\Users\mevad\AppData\Local\Programs\Python\Python310\lib\site-packages\flask\app.py", line 2528, in wsgi_app
    response = self.full_dispatch_request()
  File "C:\Users\mevad\AppData\Local\Programs\Python\Python310\lib\site-packages\flask\app.py", line 1825, in full_dispatch_request
    rv = self.handle_user_exception(e)
  File "C:\Users\mevad\AppData\Local\Programs\Python\Python310\lib\site-packages\flask\app.py", line 1823, in full_dispatch_request
    rv = self.dispatch_request()
  File "C:\Users\mevad\AppData\Local\Programs\Python\Python310\lib\site-packages\flask\app.py", line 1799, in dispatch_request
    return self.ensure_sync(self.view_functions[rule.endpoint])(**view_args)
  File "D:\Files\python\Pwskills\web_scraping_project\app.py", line 168, in index_postman
    return jsonify(reviews)
UnboundLocalError: local variable 'reviews' referenced before assignment
INFO:werkzeug:127.0.0.1 - - [24/Feb/2023 16:54:42] "[35m[1mPOST /review_postman HTTP/1.1[0m" 500 -
INFO:werkzeug:127.0.0.1 - - [24/Feb/2023 16:55:16] "POST /review_postman HTTP/1.1" 200 -
INFO:werkzeug:127.0.0.1 - - [24/Feb/2023 16:56:50] "POST /review_postman HTTP/1.1" 200 -
INFO:werkzeug:127.0.0.1 - - [24/Feb/2023 17:14:42] "POST /review_postman HTTP/1.1" 200 -
INFO:werkzeug:127.0.0.1 - - [24/Feb/2023 17:24:51] "GET / HTTP/1.1" 200 -
INFO:root:name
INFO:root:rating
INFO:root:No Comment Heading
INFO:root:'NoneType' object has no attribute 'div'
INFO:root:log my final result [{'Product': 'hardrive', 'Name': 'Sumit Kumar', 'Rating': '5', 'CommentHead': 'Must buy!', 'Comment': "This is the latest version of one of the best selling HDDs of Seagate with encyrption feature which was not available is previous models and 3 years data protection.It says on description only USB 3.0 but any usb is backward compatible so don't worry if you have 2.0 port.Transfer speed is stable and great enough so you can expect constant 120 MB/s+ transfer rate with 3.0Though I bought blue colour I'll suggest you to go for black one cause it will look better.931GB is usable out of 1TBI ...", '_id': ObjectId('63f8a5a120e90a2ed59f3e21')}, {'Product': 'hardrive', 'Name': 'Chirag Sukhadia', 'Rating': '5', 'CommentHead': 'Fabulous!', 'Comment': "This is my 4th Purchase from Seagate, I got at price of Rs. 8,144 for 5TB Ligt Blue color, Performance of Hard Disk is Very Good, Main feature is you get 1 time Data Recovery Software Valid for 3 yearsVery Compact & Portable compare to 5tb sizeDon't go for WD as SEAGATE offers better Value & Best Quality Product", '_id': ObjectId('63f8a5a120e90a2ed59f3e22')}, {'Product': 'hardrive', 'Name': 'Joy Das', 'Rating': '5', 'CommentHead': 'Perfect product!', 'Comment': 'Bought 5TB OneTouch, actual storage available 4.5T, really Sad. Speed is great as it mentioned on USB 3.1. All the facilities also great, can Lock, Backup, Mirror files. They gave Adobe Creative Cloud. I need to check with my S10 lite if it can connect through OTG, would be great then.', '_id': ObjectId('63f8a5a120e90a2ed59f3e23')}, {'Product': 'hardrive', 'Name': 'Soumya Ranjan  Sahu', 'Rating': '5', 'CommentHead': 'Brilliant', 'Comment': 'Wow \u2764\ufe0f\u2764\ufe0f1. Fast Delivery with in 3days2. Fast file transfer speed (130mpbs)3. Cloud backup4. Red color is just 5. 3 year warranty6. Lite weightOverall Recommend to Buy. \U0001f973', '_id': ObjectId('63f8a5a120e90a2ed59f3e24')}, {'Product': 'hardrive', 'Name': 'Biraj Ghosh', 'Rating': '5', 'CommentHead': 'Very functional', 'Comment': 'Looks durable. It is very compact and feels almost like a 2.5 inch SATA drive. Seagate software for backup and locking the drive is pretty good too. Would have loved a Type C connector in the box but it is what it is. 1.8 TB is usable out of 2 TB.', '_id': ObjectId('63f8a5a120e90a2ed59f3e25')}, {'Product': 'hardrive', 'Name': 'vishnu sgr', 'Rating': '5', 'CommentHead': 'Brilliant', 'Comment': "Fresh product from manufacturer, superfast delivery. Using it for 4 days, speed is 35-52 Mbps. Don't worry Usb 3.0 persons, you will get the mentioned speed. Backward compatible with USB 2.0 , meaning you can use this harddisk in your old laptops and desktops. Didn't check on mobile and smart TV's. 3 year warranty, after registration through connecting the drive to internet enabled computer. Overall great experience.", '_id': ObjectId('63f8a5a120e90a2ed59f3e26')}, {'Product': 'hardrive', 'Name': 'Satheesh Kumar', 'Rating': '5', 'CommentHead': 'Super!', 'Comment': 'Seagate 1TB hdd.. Super compact storage device. Very useful and portable. it may be get damage when you drop this down. So better order a case for this hdd.', '_id': ObjectId('63f8a5a120e90a2ed59f3e27')}, {'Product': 'hardrive', 'Name': 'Hari Vijayan', 'Rating': '5', 'CommentHead': 'Worth every penny', 'Comment': 'Been using this for 3 months now.. First of all you get only 4.5tb space out of 5tb remember that.. Second thing is the copying speed entirely depends on your processor and ram.. This thing can copy at max 120mb/s in my 8gb ram i7 processor laptop but copies at max 60-70mb/s in my another 2gb ram i3 processor laptop.. Build quality is trash.. Protect it like a baby.. Even small drops could damage entire frame(plastic).. Must buy a case... As for protection you can use seagate toolkit for pass...', '_id': ObjectId('63f8a5a120e90a2ed59f3e28')}, {'Product': 'hardrive', 'Name': 'Anand Kumar', 'Rating': '4', 'CommentHead': 'Really Nice', 'Comment': 'Worth to buy....Light weight and compact design.No need to Format.... Neither quick format nor normal format is required for brand new HDD, As it comes pre-formatted. Since normal formatting may take upto 12 hours to complete.Speed performance is more satisfactory if you are transferring files HDD to C/D drive and same for vice versa. But it may take longer time in case of HDD to external item like Pen drive, memory card, HDD etc.Overall 4 out of 5.', '_id': ObjectId('63f8a5a120e90a2ed59f3e29')}, {'Product': 'hardrive', 'Name': 'Flipkart E.kumarRaj', 'Rating': '5', 'CommentHead': 'Highly recommended', 'Comment': "Nice \U0001f44d i will used few it's very nice super but copying seed is better", '_id': ObjectId('63f8a5a120e90a2ed59f3e2a')}, {'Product': 'hardrive', 'Name': 'Flipkart E.kumarRaj', 'Rating': 'No Rating', 'CommentHead': 'No Comment Heading', 'Comment': "Nice \U0001f44d i will used few it's very nice super but copying seed is better", '_id': ObjectId('63f8a5a120e90a2ed59f3e2b')}]
INFO:werkzeug:127.0.0.1 - - [24/Feb/2023 17:25:13] "POST /review HTTP/1.1" 200 -
INFO:werkzeug:127.0.0.1 - - [24/Feb/2023 18:06:47] "GET / HTTP/1.1" 200 -
INFO:root:name
INFO:root:rating
INFO:root:No Comment Heading
INFO:root:'NoneType' object has no attribute 'div'
INFO:root:log my final result [{'Product': 'hdmicable', 'Name': 'PUNNIYAKOTTI M', 'Rating': '5', 'CommentHead': 'Wonderful', 'Comment': 'Good', '_id': ObjectId('63f8af6c20e90a2ed59f3e2d')}, {'Product': 'hdmicable', 'Name': 'Hasmukh Chaudhary', 'Rating': '5', 'CommentHead': 'Just wow!', 'Comment': 'Product Good', '_id': ObjectId('63f8af6c20e90a2ed59f3e2e')}, {'Product': 'hdmicable', 'Name': 'Nitish Kumar', 'Rating': '4', 'CommentHead': 'Nice product', 'Comment': 'Good', '_id': ObjectId('63f8af6c20e90a2ed59f3e2f')}, {'Product': 'hdmicable', 'Name': 'Onkar  Singh', 'Rating': '4', 'CommentHead': 'Good quality product', 'Comment': 'Best product', '_id': ObjectId('63f8af6c20e90a2ed59f3e30')}, {'Product': 'hdmicable', 'Name': 'Santosh Sahu', 'Rating': '5', 'CommentHead': 'Must buy!', 'Comment': 'Best quality', '_id': ObjectId('63f8af6c20e90a2ed59f3e31')}, {'Product': 'hdmicable', 'Name': 'Santhosh ', 'Rating': '5', 'CommentHead': 'Terrific', 'Comment': 'Good', '_id': ObjectId('63f8af6c20e90a2ed59f3e32')}, {'Product': 'hdmicable', 'Name': 'Rambabu Kumar', 'Rating': '4', 'CommentHead': 'Good choice', 'Comment': 'Good', '_id': ObjectId('63f8af6c20e90a2ed59f3e33')}, {'Product': 'hdmicable', 'Name': 'Gaurav Kumar', 'Rating': '5', 'CommentHead': 'Perfect product!', 'Comment': 'Very good ossam', '_id': ObjectId('63f8af6c20e90a2ed59f3e34')}, {'Product': 'hdmicable', 'Name': 'Akhil Das Paul ', 'Rating': '5', 'CommentHead': 'Highly recommended', 'Comment': 'I really Love it... Guys Must Buy', '_id': ObjectId('63f8af6c20e90a2ed59f3e35')}, {'Product': 'hdmicable', 'Name': 'Flipkart Customer', 'Rating': '5', 'CommentHead': 'Great product', 'Comment': "It's a very good. I'm satisfied", '_id': ObjectId('63f8af6c20e90a2ed59f3e36')}, {'Product': 'hdmicable', 'Name': 'Flipkart Customer', 'Rating': 'No Rating', 'CommentHead': 'No Comment Heading', 'Comment': "It's a very good. I'm satisfied", '_id': ObjectId('63f8af6c20e90a2ed59f3e37')}]
INFO:werkzeug:127.0.0.1 - - [24/Feb/2023 18:07:00] "POST /review HTTP/1.1" 200 -
INFO:werkzeug:127.0.0.1 - - [24/Feb/2023 18:08:16] "GET / HTTP/1.1" 200 -
INFO:werkzeug:[31m[1mWARNING: This is a development server. Do not use it in a production deployment. Use a production WSGI server instead.[0m
 * Running on all addresses (0.0.0.0)
 * Running on http://127.0.0.1:5000
 * Running on http://192.168.0.106:5000
INFO:werkzeug:[33mPress CTRL+C to quit[0m
INFO:werkzeug:127.0.0.1 - - [24/Feb/2023 18:08:33] "GET / HTTP/1.1" 200 -
INFO:root:name
INFO:root:rating
INFO:root:No Comment Heading
INFO:root:'NoneType' object has no attribute 'div'
INFO:root:log my final result [{'Product': 'acerspin3', 'Name': 'Dharmendra singh Rana', 'Rating': '5', 'CommentHead': 'Fabulous!', 'Comment': 'very good but small in size but very good and company Is also good I like this mouse very much and   very adorable plz buy', '_id': ObjectId('63f8afdd27fc8aaf03eca161')}, {'Product': 'acerspin3', 'Name': 'Flipkart Customer', 'Rating': '5', 'CommentHead': 'Brilliant', 'Comment': 'product is good quality so small but easy to use and carry liked the product so cute', '_id': ObjectId('63f8afdd27fc8aaf03eca162')}, {'Product': 'acerspin3', 'Name': 'Flipkart Customer', 'Rating': '5', 'CommentHead': 'Highly recommended', 'Comment': 'Good quality and good work so beautifull mouse and thank you Flipkart.', '_id': ObjectId('63f8afdd27fc8aaf03eca163')}, {'Product': 'acerspin3', 'Name': 'Subhadeep Biswas', 'Rating': '4', 'CommentHead': 'Good quality product', 'Comment': 'Mouse size is on smaller size, but response good... Comfortable in hand...', '_id': ObjectId('63f8afdd27fc8aaf03eca164')}, {'Product': 'acerspin3', 'Name': 'Smiley', 'Rating': '5', 'CommentHead': 'Excellent', 'Comment': 'Lovely\u2764\ufe0f', '_id': ObjectId('63f8afdd27fc8aaf03eca165')}, {'Product': 'acerspin3', 'Name': 'irfan  khan', 'Rating': '5', 'CommentHead': 'Must buy!', 'Comment': 'Good quality,  mouse wire more than 1 metre.', '_id': ObjectId('63f8afdd27fc8aaf03eca166')}, {'Product': 'acerspin3', 'Name': 'Abirami C', 'Rating': '4', 'CommentHead': 'Nice product', 'Comment': 'Mouse is so smaall, but its working properly, good.', '_id': ObjectId('63f8afdd27fc8aaf03eca167')}, {'Product': 'acerspin3', 'Name': 'Ankit Patel', 'Rating': '5', 'CommentHead': 'Simply awesome', 'Comment': 'Best byyyy love \u2764\ufe0f\u2764\ufe0f it', '_id': ObjectId('63f8afdd27fc8aaf03eca168')}, {'Product': 'acerspin3', 'Name': 'Flipkart Customer', 'Rating': '5', 'CommentHead': 'Must buy!', 'Comment': 'Very good very nice', '_id': ObjectId('63f8afdd27fc8aaf03eca169')}, {'Product': 'acerspin3', 'Name': 'Mayank Chauhan', 'Rating': '5', 'CommentHead': 'Best in the market!', 'Comment': 'Nice product in this price \U0001f44c\U0001f44d', '_id': ObjectId('63f8afdd27fc8aaf03eca16a')}, {'Product': 'acerspin3', 'Name': 'Mayank Chauhan', 'Rating': 'No Rating', 'CommentHead': 'No Comment Heading', 'Comment': 'Nice product in this price \U0001f44c\U0001f44d', '_id': ObjectId('63f8afdd27fc8aaf03eca16b')}]
INFO:root:write() argument must be str, not list
INFO:werkzeug:127.0.0.1 - - [24/Feb/2023 18:08:54] "POST /review HTTP/1.1" 200 -
INFO:werkzeug:127.0.0.1 - - [24/Feb/2023 18:12:20] "GET / HTTP/1.1" 200 -
INFO:werkzeug:[31m[1mWARNING: This is a development server. Do not use it in a production deployment. Use a production WSGI server instead.[0m
 * Running on all addresses (0.0.0.0)
 * Running on http://127.0.0.1:5000
 * Running on http://192.168.0.106:5000
INFO:werkzeug:[33mPress CTRL+C to quit[0m
INFO:werkzeug:127.0.0.1 - - [24/Feb/2023 18:12:26] "GET / HTTP/1.1" 200 -
INFO:root:list index out of range
INFO:werkzeug:127.0.0.1 - - [24/Feb/2023 18:12:40] "POST /review HTTP/1.1" 200 -
INFO:werkzeug:127.0.0.1 - - [24/Feb/2023 18:13:27] "GET /review HTTP/1.1" 200 -
INFO:root:documents must be a non-empty list
INFO:werkzeug:127.0.0.1 - - [24/Feb/2023 18:13:39] "POST /review HTTP/1.1" 200 -
INFO:werkzeug:127.0.0.1 - - [24/Feb/2023 18:13:42] "GET /review HTTP/1.1" 200 -
INFO:werkzeug:127.0.0.1 - - [24/Feb/2023 18:15:14] "GET /review HTTP/1.1" 200 -
INFO:root:documents must be a non-empty list
INFO:werkzeug:127.0.0.1 - - [24/Feb/2023 18:15:28] "POST /review HTTP/1.1" 200 -
INFO:werkzeug:127.0.0.1 - - [24/Feb/2023 18:15:31] "GET /review HTTP/1.1" 200 -
INFO:werkzeug:127.0.0.1 - - [24/Feb/2023 18:15:33] "GET /review HTTP/1.1" 200 -
INFO:werkzeug:[31m[1mWARNING: This is a development server. Do not use it in a production deployment. Use a production WSGI server instead.[0m
 * Running on all addresses (0.0.0.0)
 * Running on http://127.0.0.1:5000
 * Running on http://192.168.0.106:5000
INFO:werkzeug:[33mPress CTRL+C to quit[0m
INFO:werkzeug:127.0.0.1 - - [24/Feb/2023 18:16:28] "GET /review HTTP/1.1" 200 -
INFO:werkzeug:127.0.0.1 - - [24/Feb/2023 18:16:30] "GET /review HTTP/1.1" 200 -
INFO:root:name
INFO:root:rating
INFO:root:No Comment Heading
INFO:root:'NoneType' object has no attribute 'div'
INFO:root:log my final result [{'Product': 'keyboards', 'Name': 'Somak Acharya', 'Rating': '5', 'CommentHead': 'Excellent', 'Comment': 'Good product from flipkart Keyboard has a soft touch. Overall appearance is also goodPackaging is also perfectAll multimedia function are attached Recommend to all those who are looking for good quality andAlso supports windows 10 OS', '_id': ObjectId('63f8b1e2a62eca41f3a3e87e')}, {'Product': 'keyboards', 'Name': 'Rahool Pareek', 'Rating': '2', 'CommentHead': 'Not good', 'Comment': "I bought this product after watching ranjit's review of it but my experience wasnt as good with this little keyboard. The keys werent that soft and that was the only thing I was asking from it so it wasnt that great for me. If you are buying it to get fast typing speeds, please avoid ths.", '_id': ObjectId('63f8b1e2a62eca41f3a3e87f')}, {'Product': 'keyboards', 'Name': 'Anil  Thomson', 'Rating': '3', 'CommentHead': 'Nice', 'Comment': 'THE PRODUCT IS GOOD AND ALL BUT DO NOT BUY THIS FOR GAMING, THIS KEYBOARD DOES NOT SUPPORT N-KEY ROLLOVER.i.e. IT WILL NOT SUPPORT MORE THAN 2 KEY PRESSES AT THE SAME TIME ON SOME KEYS.', '_id': ObjectId('63f8b1e2a62eca41f3a3e880')}, {'Product': 'keyboards', 'Name': 'Upendra Sharma', 'Rating': '5', 'CommentHead': 'Simply awesome', 'Comment': 'this is called brand exactly same as the the shown in the picture so just go for it if you are looking for a perfect keyboard for typing this is amazing product thank you so much.', '_id': ObjectId('63f8b1e2a62eca41f3a3e881')}, {'Product': 'keyboards', 'Name': 'Tapadyuti Chatterjee', 'Rating': '5', 'CommentHead': 'Super!', 'Comment': 'Wonderful keyboard, nothing beats typing on a wired keyboard. Fir coding its a breeze. packaging well done, delivered 2 days before scheduled date. paired with a dell mouse its wonderful', '_id': ObjectId('63f8b1e2a62eca41f3a3e882')}, {'Product': 'keyboards', 'Name': 'RAJA BASUMATARY', 'Rating': '5', 'CommentHead': "No Words...Just Buy It ! You Won't Regret It !", 'Comment': 'Superb Product...just loved the slim build and the Dell originality...Awesome Keyboard for all Laptop / PC users...so much user-friendly with delicate keys...Overall had a good transaction / buying experience with Flipkart & the service.Got it in just after 1 day from Order date :-)I would definitely recommend this product to buyers who seek external keyboards online !!', '_id': ObjectId('63f8b1e2a62eca41f3a3e883')}, {'Product': 'keyboards', 'Name': 'Sridhar K', 'Rating': '3', 'CommentHead': 'Worth the money, but NOT suitable for all-day-typers', 'Comment': "While it is reasonably priced and has a solid buid, it is suitable only for part-time typers (i.e., those who type on the keyboard for only a couple hours or so). I work on the computer all-day and had to type mostly than 'click'.  The keys are not soft enough to provide a smooth type feeling on the fingers. i.e., when we keep typing for long hours the fingers starts getting tired on this keyboard. that being said, this review is not a complaint on the product itself. it is just that i chos...", '_id': ObjectId('63f8b1e2a62eca41f3a3e884')}, {'Product': 'keyboards', 'Name': 'Krishna Kumar Silvery', 'Rating': '5', 'CommentHead': 'Professional reviewer here', 'Comment': "Hi,I'm a professional reviewer. PROS:1- Excellent for typing work (I'm a content marketer)2- The build quality is excellent.3- The wire and USB cable quality is outstanding.4 - Compact and sleek5- Reasonable price.6- Media buttons (Mute, Volume Up, and Down work correctly.)I have purchased a Dell mouse and keyboard. The mouse turned into a disappointed but Keyboard is excellent.CONS:1- Print Screen, Scroll Lock. pause break buttons are added to Insert, Home, and PgUp.Overall,...", '_id': ObjectId('63f8b1e2a62eca41f3a3e885')}, {'Product': 'keyboards', 'Name': 'Deepak Jain', 'Rating': '5', 'CommentHead': 'Terrific', 'Comment': 'I am using the same one from last 1 year and its the best one so I purchased another one for my home use.Dell is offering the best keyboard in this price range.Go for it with the best brand #Dell', '_id': ObjectId('63f8b1e2a62eca41f3a3e886')}, {'Product': 'keyboards', 'Name': 'Amar jyoti Bilung', 'Rating': '5', 'CommentHead': 'Super!', 'Comment': 'Very Classic product. Very smooth keys and so much comfortable for typing. Great design. Great deal,thanks flipkart.', '_id': ObjectId('63f8b1e2a62eca41f3a3e887')}, {'Product': 'keyboards', 'Name': 'Amar jyoti Bilung', 'Rating': 'No Rating', 'CommentHead': 'No Comment Heading', 'Comment': 'Very Classic product. Very smooth keys and so much comfortable for typing. Great design. Great deal,thanks flipkart.', '_id': ObjectId('63f8b1e2a62eca41f3a3e888')}]
INFO:werkzeug:127.0.0.1 - - [24/Feb/2023 18:17:30] "POST /review HTTP/1.1" 200 -
INFO:werkzeug:127.0.0.1 - - [24/Feb/2023 18:19:34] "GET / HTTP/1.1" 200 -
INFO:root:name
INFO:root:rating
INFO:root:No Comment Heading
INFO:root:'NoneType' object has no attribute 'div'
INFO:root:log my final result [{'Product': 'rgbmouse', 'Name': 'Aakash Saxena ', 'Rating': '1', 'CommentHead': 'Utterly Disappointed', 'Comment': 'Don’t recommend this.Bad quality mouse left button and scroll has issues in just few days of usage.No replacement provided and no support given by Flipkart', '_id': ObjectId('63f8b2fea62eca41f3a3e88a')}, {'Product': 'rgbmouse', 'Name': 'Dibya Prakash Sahu', 'Rating': '5', 'CommentHead': 'Must buy!', 'Comment': "It's awesome guys.....the looks of the mouse got me insaneBut I'll update you about the battery after some days of use", '_id': ObjectId('63f8b2fea62eca41f3a3e88b')}, {'Product': 'rgbmouse', 'Name': 'Karn  Kumar', 'Rating': '4', 'CommentHead': 'Worth the money', 'Comment': 'Good work this product', '_id': ObjectId('63f8b2fea62eca41f3a3e88c')}, {'Product': 'rgbmouse', 'Name': 'Flipkart Customer', 'Rating': '5', 'CommentHead': 'Perfect product!', 'Comment': 'Amazing yet affordable. Value for money. I will easily suggest this to my gamer fellow mates. Techno never dies!', '_id': ObjectId('63f8b2fea62eca41f3a3e88d')}, {'Product': 'rgbmouse', 'Name': 'Flipkart Customer', 'Rating': '3', 'CommentHead': 'Does the job', 'Comment': 'Over-all avarage not so good not so bad medium its ok\U0001f44d', '_id': ObjectId('63f8b2fea62eca41f3a3e88e')}, {'Product': 'rgbmouse', 'Name': 'Antony Raj C', 'Rating': '3', 'CommentHead': 'Nice', 'Comment': 'This has finger rest which is good to have. Update after 5 days:I have some issue scrolling. Scrolling is struggling sometimes', '_id': ObjectId('63f8b2fea62eca41f3a3e88f')}, {'Product': 'rgbmouse', 'Name': 'Abdul kalam', 'Rating': '5', 'CommentHead': 'Fabulous!', 'Comment': 'Nice product as i received the product i liked it on the first look', '_id': ObjectId('63f8b2fea62eca41f3a3e890')}, {'Product': 'rgbmouse', 'Name': 'Sushila Singh ', 'Rating': '1', 'CommentHead': 'Absolute rubbish!', 'Comment': 'Worst mouseNot working No replacement is provided', '_id': ObjectId('63f8b2fea62eca41f3a3e891')}, {'Product': 'rgbmouse', 'Name': 'Rahul Raj', 'Rating': '5', 'CommentHead': 'Best in the market!', 'Comment': 'Awesome product . You charge this and plug n Play. amazing no battery tension.', '_id': ObjectId('63f8b2fea62eca41f3a3e892')}, {'Product': 'rgbmouse', 'Name': 'UDAY KUMAR YADAV', 'Rating': '1', 'CommentHead': 'Waste of money!', 'Comment': "Waste of cost charging is not standing for an hour also please don't take it", '_id': ObjectId('63f8b2fea62eca41f3a3e893')}, {'Product': 'rgbmouse', 'Name': 'UDAY KUMAR YADAV', 'Rating': 'No Rating', 'CommentHead': 'No Comment Heading', 'Comment': "Waste of cost charging is not standing for an hour also please don't take it", '_id': ObjectId('63f8b2fea62eca41f3a3e894')}]
INFO:werkzeug:127.0.0.1 - - [24/Feb/2023 18:22:14] "POST /review HTTP/1.1" 200 -
INFO:werkzeug:127.0.0.1 - - [24/Feb/2023 18:26:52] "GET / HTTP/1.1" 200 -
INFO:root:documents must be a non-empty list
INFO:werkzeug:127.0.0.1 - - [24/Feb/2023 18:27:12] "POST /review HTTP/1.1" 200 -
INFO:werkzeug:127.0.0.1 - - [24/Feb/2023 18:27:57] "GET / HTTP/1.1" 200 -
INFO:root:name
INFO:root:rating
INFO:root:No Comment Heading
INFO:root:'NoneType' object has no attribute 'div'
INFO:root:log my final result [{'Product': 'mcafeeantivirus', 'Name': 'Suraj Saxena', 'Rating': '5', 'CommentHead': 'Excellent', 'Comment': 'I have used almost all brands of security software in the past 17 years on different windows platform (Since Windows 98). The two brands that are top on my list, Norton (Symantec) and McAfee. I have used these software quite extensively and I can assure these are the best. Norton Suite is the best scoring 6.0/6.0 on AV-Test (Benchmarking Test for Anti-Viruses) but costs more. Whereas McAfee scores 5.5/6.0 but is considerably cheaper than Norton.I would suggest if you can afford or get a bet...', '_id': ObjectId('63f8b45aa62eca41f3a3e897')}, {'Product': 'mcafeeantivirus', 'Name': 'Hari Shankar', 'Rating': '5', 'CommentHead': 'Super!', 'Comment': 'Thank you... Great.. Service, product supported...', '_id': ObjectId('63f8b45aa62eca41f3a3e898')}, {'Product': 'mcafeeantivirus', 'Name': 'Dishunmesh Hazarika', 'Rating': '5', 'CommentHead': 'MacAfee Always', 'Comment': 'Reliable and Effective', '_id': ObjectId('63f8b45aa62eca41f3a3e899')}, {'Product': 'mcafeeantivirus', 'Name': 'Sushobhan Singha', 'Rating': '4', 'CommentHead': 'Pretty good', 'Comment': 'Excellent product', '_id': ObjectId('63f8b45aa62eca41f3a3e89a')}, {'Product': 'mcafeeantivirus', 'Name': 'Ermkums M', 'Rating': '5', 'CommentHead': 'Just wow!', 'Comment': 'Excellent Software', '_id': ObjectId('63f8b45aa62eca41f3a3e89b')}, {'Product': 'mcafeeantivirus', 'Name': 'Subrata Pal', 'Rating': '5', 'CommentHead': 'Terrific', 'Comment': 'Good. Nicely working', '_id': ObjectId('63f8b45aa62eca41f3a3e89c')}, {'Product': 'mcafeeantivirus', 'Name': 'Fhiroz  Khan ', 'Rating': '1', 'CommentHead': 'Utterly Disappointed', 'Comment': "Worst software for laptop wast of money system is very slow there's no any use", '_id': ObjectId('63f8b45aa62eca41f3a3e89d')}, {'Product': 'mcafeeantivirus', 'Name': 'Md Samim', 'Rating': '5', 'CommentHead': 'Worth every penny', 'Comment': 'AWESOME PRODUCT', '_id': ObjectId('63f8b45aa62eca41f3a3e89e')}, {'Product': 'mcafeeantivirus', 'Name': 'BERENTIUS Murmu', 'Rating': '4', 'CommentHead': 'Worth the money', 'Comment': 'Product key worked thank you Flipkart', '_id': ObjectId('63f8b45aa62eca41f3a3e89f')}, {'Product': 'mcafeeantivirus', 'Name': 'Flipkart Customer', 'Rating': '5', 'CommentHead': 'Awesome', 'Comment': 'Very very good antivirus and very cheap rate to available delivery is also very fast', '_id': ObjectId('63f8b45aa62eca41f3a3e8a0')}, {'Product': 'mcafeeantivirus', 'Name': 'Flipkart Customer', 'Rating': 'No Rating', 'CommentHead': 'No Comment Heading', 'Comment': 'Very very good antivirus and very cheap rate to available delivery is also very fast', '_id': ObjectId('63f8b45aa62eca41f3a3e8a1')}]
INFO:werkzeug:127.0.0.1 - - [24/Feb/2023 18:28:03] "POST /review HTTP/1.1" 200 -
INFO:werkzeug:127.0.0.1 - - [24/Feb/2023 18:29:10] "GET / HTTP/1.1" 200 -
INFO:root:name
INFO:root:rating
INFO:root:No Comment Heading
INFO:root:'NoneType' object has no attribute 'div'
INFO:root:log my final result [{'Product': 'nortonantivirus', 'Name': 'saurabh  Singh', 'Rating': '5', 'CommentHead': 'Mind-blowing purchase', 'Comment': 'Switched to Norton after being a happy customer of Macafee hope it works well. Got instant delivery of product key on email as well as in flipkarts my orders section great work \U0001f44d', '_id': ObjectId('63f8b4aba62eca41f3a3e8a3')}, {'Product': 'nortonantivirus', 'Name': 'Vignesh Saravanan', 'Rating': '5', 'CommentHead': 'Must buy!', 'Comment': 'Key was Valid and able to download the product from official website, this is a better deal when compared with official portal price', '_id': ObjectId('63f8b4aba62eca41f3a3e8a4')}, {'Product': 'nortonantivirus', 'Name': 'Soujato Sarkar', 'Rating': '5', 'CommentHead': 'Awesome', 'Comment': 'Easy to install. Hope it works. Will keep notified', '_id': ObjectId('63f8b4aba62eca41f3a3e8a5')}, {'Product': 'nortonantivirus', 'Name': 'Arun Kumar', 'Rating': '5', 'CommentHead': 'Terrific', 'Comment': 'Nice', '_id': ObjectId('63f8b4aba62eca41f3a3e8a6')}, {'Product': 'nortonantivirus', 'Name': 'Ramesha Nand', 'Rating': '5', 'CommentHead': 'Classy product', 'Comment': 'Excellent!!', '_id': ObjectId('63f8b4aba62eca41f3a3e8a7')}, {'Product': 'nortonantivirus', 'Name': 'Flipkart Customer', 'Rating': '5', 'CommentHead': 'Best', 'Comment': 'I have used Norton products for years , best for my small office , excellent features with cloud backup', '_id': ObjectId('63f8b4aba62eca41f3a3e8a8')}, {'Product': 'nortonantivirus', 'Name': 'Md Hassan Azim', 'Rating': '5', 'CommentHead': 'Wonderful', 'Comment': 'Totally Awesome', '_id': ObjectId('63f8b4aba62eca41f3a3e8a9')}, {'Product': 'nortonantivirus', 'Name': 'Golap Changmai', 'Rating': '5', 'CommentHead': 'Perfect product!', 'Comment': 'Quick delivered..with good product', '_id': ObjectId('63f8b4aba62eca41f3a3e8aa')}, {'Product': 'nortonantivirus', 'Name': 'Jobins MJ', 'Rating': '5', 'CommentHead': 'Classy product', 'Comment': 'Genuine product... Working great...', '_id': ObjectId('63f8b4aba62eca41f3a3e8ab')}, {'Product': 'nortonantivirus', 'Name': 'Taranjeet Singh', 'Rating': '5', 'CommentHead': 'Highly recommended', 'Comment': 'works fine', '_id': ObjectId('63f8b4aba62eca41f3a3e8ac')}, {'Product': 'nortonantivirus', 'Name': 'Taranjeet Singh', 'Rating': 'No Rating', 'CommentHead': 'No Comment Heading', 'Comment': 'works fine', '_id': ObjectId('63f8b4aba62eca41f3a3e8ad')}]
INFO:werkzeug:127.0.0.1 - - [24/Feb/2023 18:29:23] "POST /review HTTP/1.1" 200 -
INFO:werkzeug:127.0.0.1 - - [24/Feb/2023 18:38:29] "GET /review HTTP/1.1" 200 -
INFO:root:list index out of range
INFO:werkzeug:127.0.0.1 - - [24/Feb/2023 18:38:39] "POST /review HTTP/1.1" 200 -
INFO:werkzeug:127.0.0.1 - - [24/Feb/2023 18:38:42] "GET /review HTTP/1.1" 200 -
INFO:root:list index out of range
INFO:werkzeug:127.0.0.1 - - [24/Feb/2023 18:38:49] "POST /review HTTP/1.1" 200 -
INFO:werkzeug:127.0.0.1 - - [24/Feb/2023 18:38:53] "GET / HTTP/1.1" 200 -
INFO:root:name
INFO:root:rating
INFO:root:No Comment Heading
INFO:root:'NoneType' object has no attribute 'div'
INFO:root:log my final result [{'Product': 'books', 'Name': 'Abhay Avchar', 'Rating': '5', 'CommentHead': 'Super!', 'Comment': 'This product is very good. If you have to top class 10th board this is must. But you should not only buy but solve them in proper time management and it will give you better results.', '_id': ObjectId('63f8b6eba62eca41f3a3e8af')}, {'Product': 'books', 'Name': 'Flipkart Customer', 'Rating': '5', 'CommentHead': 'Terrific', 'Comment': 'I bought bundle of edukart sample paper of four books. The Concepts and quality of sample papers are very good. This sample paper give me more questions to practice, how to manage time and many more things. But there are a chance to increase paper quality. Otherwise this Edukart sample papers are awesome. I strongly suggest you buy this Edukart sample papers for 2022 - 23 board exam. Thankyou for your valuable time to reading this review.', '_id': ObjectId('63f8b6eba62eca41f3a3e8b0')}, {'Product': 'books', 'Name': 'Rajendra  Soni', 'Rating': '5', 'CommentHead': 'Brilliant', 'Comment': 'This is very good product thanks', '_id': ObjectId('63f8b6eba62eca41f3a3e8b1')}, {'Product': 'books', 'Name': 'Flipkart Customer', 'Rating': '5', 'CommentHead': 'Terrific', 'Comment': 'Good one \U0001f604\U0001f913', '_id': ObjectId('63f8b6eba62eca41f3a3e8b2')}, {'Product': 'books', 'Name': 'Alok Jha', 'Rating': '5', 'CommentHead': 'Must buy!', 'Comment': 'Awesome\U0001f44d\U0001f44d\U0001f44dSample paper for 2022 23 board exam I recommend for all this year batch student for buy the book', '_id': ObjectId('63f8b6eba62eca41f3a3e8b3')}, {'Product': 'books', 'Name': 'Vijaylaxmi Ji', 'Rating': '5', 'CommentHead': 'Worth every penny', 'Comment': "Best book for class 10th and If we solve this sample paper completely, believe me 90% marks are confirmed that's why if you want to achieve good marks in exams then you should purchase this", '_id': ObjectId('63f8b6eba62eca41f3a3e8b4')}, {'Product': 'books', 'Name': 'Flipkart Customer', 'Rating': '5', 'CommentHead': 'Great product', 'Comment': 'Nice product paper quality is nice', '_id': ObjectId('63f8b6eba62eca41f3a3e8b5')}, {'Product': 'books', 'Name': 'Kumar Aryan', 'Rating': '4', 'CommentHead': 'Very Good', 'Comment': 'It is costly but helpful for board exam \U0001f642\U0001f642\U0001f642\U0001f601\U0001f601\U0001f601', '_id': ObjectId('63f8b6eba62eca41f3a3e8b6')}, {'Product': 'books', 'Name': 'Flipkart Customer', 'Rating': '5', 'CommentHead': 'Worth every penny', 'Comment': 'Best book for class 10th You will not be able to solve these books easily truly based on sample paper just loved it Thanks @Flipkart and @educart for this.', '_id': ObjectId('63f8b6eba62eca41f3a3e8b7')}, {'Product': 'books', 'Name': 'Aniket Bhalsing', 'Rating': '5', 'CommentHead': 'Worth every penny', 'Comment': 'Very good', '_id': ObjectId('63f8b6eba62eca41f3a3e8b8')}, {'Product': 'books', 'Name': 'Aniket Bhalsing', 'Rating': 'No Rating', 'CommentHead': 'No Comment Heading', 'Comment': 'Very good', '_id': ObjectId('63f8b6eba62eca41f3a3e8b9')}]
INFO:werkzeug:127.0.0.1 - - [24/Feb/2023 18:39:00] "POST /review HTTP/1.1" 200 -
INFO:werkzeug:127.0.0.1 - - [24/Feb/2023 18:40:49] "GET /review HTTP/1.1" 200 -
INFO:root:documents must be a non-empty list
INFO:werkzeug:127.0.0.1 - - [24/Feb/2023 18:41:47] "POST /review HTTP/1.1" 200 -
INFO:werkzeug:127.0.0.1 - - [24/Feb/2023 18:41:51] "GET /review HTTP/1.1" 200 -
INFO:root:name
INFO:root:rating
INFO:root:No Comment Heading
INFO:root:'NoneType' object has no attribute 'div'
INFO:root:log my final result [{'Product': 'videogames', 'Name': 'Bibek Sarkar', 'Rating': '5', 'CommentHead': 'Highly recommended', 'Comment': 'Good', '_id': ObjectId('63f8b79da62eca41f3a3e8bc')}, {'Product': 'videogames', 'Name': 'Flipkart Customer', 'Rating': '5', 'CommentHead': 'Great product', 'Comment': 'Thank you Flipkart \U0001f44d\U0001f44d', '_id': ObjectId('63f8b79da62eca41f3a3e8bd')}, {'Product': 'videogames', 'Name': 'Anupam kumari', 'Rating': '5', 'CommentHead': 'Mind-blowing purchase', 'Comment': 'My son is very happy', '_id': ObjectId('63f8b79da62eca41f3a3e8be')}, {'Product': 'videogames', 'Name': 'Flipkart Customer', 'Rating': '1', 'CommentHead': 'Did not meet expectations', 'Comment': 'Product is not good', '_id': ObjectId('63f8b79da62eca41f3a3e8bf')}, {'Product': 'videogames', 'Name': 'Sajid', 'Rating': '3', 'CommentHead': 'Nice', 'Comment': 'Good \U0001f44d\U0001f44d\U0001f44d\U0001f44d', '_id': ObjectId('63f8b79da62eca41f3a3e8c0')}, {'Product': 'videogames', 'Name': 'vinod gaonkar', 'Rating': '1', 'CommentHead': 'Useless product', 'Comment': "Worst Product, Don't buy", '_id': ObjectId('63f8b79da62eca41f3a3e8c1')}, {'Product': 'videogames', 'Name': 'Sameer Haider', 'Rating': '1', 'CommentHead': 'Utterly Disappointed', 'Comment': 'Very bad quality and charging issue', '_id': ObjectId('63f8b79da62eca41f3a3e8c2')}, {'Product': 'videogames', 'Name': 'Flipkart Customer', 'Rating': '5', 'CommentHead': 'Just wow!', 'Comment': 'Very good', '_id': ObjectId('63f8b79da62eca41f3a3e8c3')}, {'Product': 'videogames', 'Name': 'Flipkart Customer', 'Rating': '1', 'CommentHead': 'Worst experience ever!', 'Comment': 'Worst things...  Wastage of money', '_id': ObjectId('63f8b79da62eca41f3a3e8c4')}, {'Product': 'videogames', 'Name': 'Flipkart Customer', 'Rating': '2', 'CommentHead': 'Slightly disappointed', 'Comment': 'Not good', '_id': ObjectId('63f8b79da62eca41f3a3e8c5')}, {'Product': 'videogames', 'Name': 'Flipkart Customer', 'Rating': 'No Rating', 'CommentHead': 'No Comment Heading', 'Comment': 'Not good', '_id': ObjectId('63f8b79da62eca41f3a3e8c6')}]
INFO:werkzeug:127.0.0.1 - - [24/Feb/2023 18:41:58] "POST /review HTTP/1.1" 200 -
INFO:werkzeug:[31m[1mWARNING: This is a development server. Do not use it in a production deployment. Use a production WSGI server instead.[0m
 * Running on all addresses (0.0.0.0)
 * Running on http://127.0.0.1:5000
 * Running on http://192.168.0.106:5000
INFO:werkzeug:[33mPress CTRL+C to quit[0m
INFO:werkzeug:127.0.0.1 - - [24/Feb/2023 18:42:16] "GET /review HTTP/1.1" 200 -
INFO:root:documents must be a non-empty list
INFO:werkzeug:127.0.0.1 - - [24/Feb/2023 18:42:28] "POST /review HTTP/1.1" 200 -
INFO:werkzeug:127.0.0.1 - - [24/Feb/2023 18:42:30] "GET /review HTTP/1.1" 200 -
INFO:root:name
INFO:root:rating
INFO:root:No Comment Heading
INFO:root:'NoneType' object has no attribute 'div'
INFO:root:log my final result [{'Product': 'chairs', 'Name': 'Gayathri S', 'Rating': '4', 'CommentHead': 'Good quality product', 'Comment': 'Good PartsAmazing delivery by Flipkart.Packing was good.Build Quality is good.Wheels were of good quality.Bad PartsScratches were there on chair like on arms.Cannot bend the back of the chair.Price could have lower. Recieved at 5990.Back portion of the chair is not stretchable.Head rest can be moved only up & down. Not forward & backward.', '_id': ObjectId('63f8b7c7c2a8108afd364976')}, {'Product': 'chairs', 'Name': 'Chad Netto', 'Rating': '5', 'CommentHead': 'Awesome', 'Comment': 'First Impressions: The chair was delivered today 09/06/2021. The Packaging was very very good, secure and well thought out by the company. The parts were nearly stored and packed with bubble wrap. Assembly was very simple and easy. But the fixing of the back rest was a challenge to do alone. I advise you to have a friend help hold it in place to get the screw alignment easily. Other than that, it was simple with very clear cut instructions in the video and with the provided user guide.In ...', '_id': ObjectId('63f8b7c7c2a8108afd364977')}, {'Product': 'chairs', 'Name': 'SajidAli Mohammed', 'Rating': '5', 'CommentHead': 'Fabulous!', 'Comment': 'The chair is pretty comfortable and easy to install, Need to see if its comfortable enough for long hoursCons:•No adjustable arm rest•Cannot lock the back recline in a certain angle (either go all the way in or out there is no in between)•Seat is just 19"X19"• Not suitable for people shorter then 5\'8', '_id': ObjectId('63f8b7c7c2a8108afd364978')}, {'Product': 'chairs', 'Name': 'Rushika Ravilla', 'Rating': '5', 'CommentHead': 'Wonderful', 'Comment': "People who are from remote area cannot assemble by own then you should check before ordering there's a instalation date or not, otherwise coming to the product awesome lovely experience am really enjoying good quality and supporting very good relaxation awesome featuring,\u2764\ufe0f Thank you so much Flipkart \u2764\ufe0fAfter using of few days am giving the feedback \U0001f44c\U0001f495", '_id': ObjectId('63f8b7c7c2a8108afd364979')}, {'Product': 'chairs', 'Name': 'Jyothi V', 'Rating': '5', 'CommentHead': 'Excellent', 'Comment': 'Great purchase. Sturdy and comfortable chair at this price. Everything arrived in good packaging. Assembly was pretty easy except for the back piece, for which you might need some help from someone. I got "DESK-O-MATE" from savya as a compliment. The toolkit has oil and a shiner as well.', '_id': ObjectId('63f8b7c7c2a8108afd36497a')}, {'Product': 'chairs', 'Name': 'MUTYALA RAO BATTULA', 'Rating': '1', 'CommentHead': 'Did not meet expectations', 'Comment': 'Quality of the product is not good. 1.The foam used is of avg. quality and the lumbar support which i thought would be an advantage became a disadvantage because the adjustment of the same is uneven and giving more pain.2. The washers given for fixing bolts are not of required size for the hole, which made the bolts fixed in at an angle and not straight. 3. The hand supports are not stiff and rigid, they are weak and wobbly. 4. The seating cushion is not broad enough to sit on. Only 1/2 o...', '_id': ObjectId('63f8b7c7c2a8108afd36497b')}, {'Product': 'chairs', 'Name': 'raju', 'Rating': '1', 'CommentHead': 'Not recommended at all who are having back pain.', 'Comment': 'Chair is not comfortable who is having Back pain. Worst delivery by flipkart took 13 days to get delivered.product is good but not comfortable to sit long time 8 hours Not recommended at all who r having back pain.', '_id': ObjectId('63f8b7c7c2a8108afd36497c')}, {'Product': 'chairs', 'Name': 'Vinod Negi', 'Rating': '5', 'CommentHead': 'Wonderful', 'Comment': 'Good product, quality is superb and moreover the customer service was quick to assist me in assembling the chair. Keep it up the good work.', '_id': ObjectId('63f8b7c7c2a8108afd36497d')}, {'Product': 'chairs', 'Name': 'Prabhat Ranjan', 'Rating': '5', 'CommentHead': 'Best in the market!', 'Comment': "Highly satisfied with the purchase. Now I can sit for long hours without back pain. Back rest can be tilted, height and position of head rest can be adjusted. It's been long time when I searched for a good chair and when came home, it's like love at first sight. Highly recommended. I wanted an adjustable armrest as my height is more than 6 feet and in this support provided by the customer care team was commendable. For few more bearable rupees I got the armrest too. Hat's off to support team....", '_id': ObjectId('63f8b7c7c2a8108afd36497e')}, {'Product': 'chairs', 'Name': 'Dibyendu Adhikari', 'Rating': '2', 'CommentHead': 'Need attention in design improvement', 'Comment': "This product is not at all good for lumbar region (lower back) until or unless you will arrange a lumbar support pillow. I don't have lower back issue. But while I used for two days I started feeling lower back pain as I spent long hours on a chair. I decided to purchase a lumbar support pillow and I found purpose resolved.Flipkart customer care was very attentive and was looking for feedback. I shared similar feedback so that the seller may find some improvement in design to resolve the l...", '_id': ObjectId('63f8b7c7c2a8108afd36497f')}, {'Product': 'chairs', 'Name': 'Dibyendu Adhikari', 'Rating': 'No Rating', 'CommentHead': 'No Comment Heading', 'Comment': "This product is not at all good for lumbar region (lower back) until or unless you will arrange a lumbar support pillow. I don't have lower back issue. But while I used for two days I started feeling lower back pain as I spent long hours on a chair. I decided to purchase a lumbar support pillow and I found purpose resolved.Flipkart customer care was very attentive and was looking for feedback. I shared similar feedback so that the seller may find some improvement in design to resolve the l...", '_id': ObjectId('63f8b7c7c2a8108afd364980')}]
INFO:werkzeug:127.0.0.1 - - [24/Feb/2023 18:42:39] "POST /review HTTP/1.1" 200 -
INFO:werkzeug:[31m[1mWARNING: This is a development server. Do not use it in a production deployment. Use a production WSGI server instead.[0m
 * Running on all addresses (0.0.0.0)
 * Running on http://127.0.0.1:5000
 * Running on http://192.168.0.106:5000
INFO:werkzeug:[33mPress CTRL+C to quit[0m
INFO:werkzeug:127.0.0.1 - - [24/Feb/2023 18:45:56] "GET /review HTTP/1.1" 200 -
INFO:root:documents must be a non-empty list
INFO:werkzeug:127.0.0.1 - - [24/Feb/2023 18:46:07] "POST /review HTTP/1.1" 200 -
INFO:werkzeug:127.0.0.1 - - [24/Feb/2023 18:46:10] "GET / HTTP/1.1" 200 -
INFO:root:name
INFO:root:No Comment Heading
INFO:root:local variable 'name' referenced before assignment
INFO:werkzeug:127.0.0.1 - - [24/Feb/2023 18:46:16] "POST /review HTTP/1.1" 200 -
INFO:werkzeug:127.0.0.1 - - [24/Feb/2023 18:46:18] "GET / HTTP/1.1" 200 -
INFO:root:name
INFO:root:rating
INFO:root:No Comment Heading
INFO:root:'NoneType' object has no attribute 'div'
INFO:root:log my final result [{'Product': 'waterbottle', 'Name': 'Glen Tuscano', 'Rating': '3', 'CommentHead': 'Decent product', 'Comment': 'Ok', '_id': ObjectId('63f8b8abc2de92234a221e2a')}, {'Product': 'waterbottle', 'Name': 'Manoj Jagtap', 'Rating': '4', 'CommentHead': 'Worth the money', 'Comment': 'Bottles are good only i have dout about bottle caps. It feels like it will break if falls down', '_id': ObjectId('63f8b8abc2de92234a221e2b')}, {'Product': 'waterbottle', 'Name': 'Premjith Rajasekharan', 'Rating': '2', 'CommentHead': 'Expected a better product', 'Comment': 'Not bad but I guess there should be a marking of the grade of plastic which we usually see under any bottles. The quality of plastic seems to be poor.', '_id': ObjectId('63f8b8abc2de92234a221e2c')}, {'Product': 'waterbottle', 'Name': 'Karuna Wagh', 'Rating': '5', 'CommentHead': 'Awesome', 'Comment': 'Nice  bottle \U0001f44c\U0001f44c', '_id': ObjectId('63f8b8abc2de92234a221e2d')}, {'Product': 'waterbottle', 'Name': 'Jahangir Alam', 'Rating': '5', 'CommentHead': 'Terrific', 'Comment': 'Very nice bottle', '_id': ObjectId('63f8b8abc2de92234a221e2e')}, {'Product': 'waterbottle', 'Name': 'Shweatha Shweatha', 'Rating': '5', 'CommentHead': 'Simply awesome', 'Comment': 'Super order', '_id': ObjectId('63f8b8abc2de92234a221e2f')}, {'Product': 'waterbottle', 'Name': 'Flipkart Customer', 'Rating': '5', 'CommentHead': 'Terrific', 'Comment': 'Nice bottle.. \U0001f44d', '_id': ObjectId('63f8b8abc2de92234a221e30')}, {'Product': 'waterbottle', 'Name': 'Kali Prasad Tripathy', 'Rating': '5', 'CommentHead': 'Wonderful', 'Comment': 'Nice purchase \U0001f44d\U0001f44d', '_id': ObjectId('63f8b8abc2de92234a221e31')}, {'Product': 'waterbottle', 'Name': 'Nikku Yt', 'Rating': '5', 'CommentHead': 'Best in the market!', 'Comment': 'Superb quality...', '_id': ObjectId('63f8b8abc2de92234a221e32')}, {'Product': 'waterbottle', 'Name': 'Saheli Sengupta', 'Rating': '5', 'CommentHead': 'Perfect product!', 'Comment': 'Excellent smart look', '_id': ObjectId('63f8b8abc2de92234a221e33')}, {'Product': 'waterbottle', 'Name': 'Saheli Sengupta', 'Rating': 'No Rating', 'CommentHead': 'No Comment Heading', 'Comment': 'Excellent smart look', '_id': ObjectId('63f8b8abc2de92234a221e34')}]
INFO:root:can only concatenate str (not "list") to str
INFO:werkzeug:127.0.0.1 - - [24/Feb/2023 18:46:27] "POST /review HTTP/1.1" 200 -
INFO:werkzeug:127.0.0.1 - - [24/Feb/2023 18:46:30] "GET / HTTP/1.1" 200 -
INFO:root:log my final result [{'Product': 'niconcamera', 'Name': 'Anupam Debnath', 'Rating': '5', 'CommentHead': 'Classy product', 'Comment': 'Very nice camera it is. My purpose is solved now ,thanks to Nikon', '_id': ObjectId('63f8b90ec2de92234a221e36')}, {'Product': 'niconcamera', 'Name': 'Suriya Kumar Kathiresan', 'Rating': '5', 'CommentHead': 'Mind-blowing purchase', 'Comment': 'Absolutely the best camera you can buy right now!', '_id': ObjectId('63f8b90ec2de92234a221e37')}]
INFO:root:can only concatenate str (not "list") to str
INFO:werkzeug:127.0.0.1 - - [24/Feb/2023 18:48:07] "POST /review HTTP/1.1" 200 -
INFO:werkzeug:127.0.0.1 - - [24/Feb/2023 18:48:12] "GET /review HTTP/1.1" 200 -
INFO:root:name
INFO:root:rating
INFO:root:No Comment Heading
INFO:root:'NoneType' object has no attribute 'div'
INFO:root:log my final result [{'Product': 'cameralens', 'Name': 'satinder singh', 'Rating': '3', 'CommentHead': 'For low budget, this is nice lens to try out macro shots', 'Comment': 'worth to try out macro for for beginners. you need to get very close (around 2 cm) to subject for true macro (1:1) Good colors but no sharp. A bit on soft side. Portraits show a bit of soft focus.Poor low light focusing.For low budget, this is nice lens to start with. Pictures are good to share on mobile or get small prints.Added a photo (i cropped it a bit)', '_id': ObjectId('63f8b91ac2de92234a221e39')}, {'Product': 'cameralens', 'Name': 'Jaigi Varghese', 'Rating': '4', 'CommentHead': 'Good Sharp Lenz for Potrait on DX Cam, and as 1st Micro Lenz', 'Comment': 'This is a very good sharp lenz for general purpose photography on a DX cam if you are also interested in taking Macro snaps of flowers, food, etc.  If you are not particular about Macro photography go for the 35mm prime lenz on a DX body.  This particular lenz will act as a 1st lenz for those who are interested in macro photography as well.  Macro capability is limited since you cannot take macro photos of live objects since you will have to go very near it to take a good snap.  Another probl...', '_id': ObjectId('63f8b91ac2de92234a221e3a')}, {'Product': 'cameralens', 'Name': 'Prakash Srinivas', 'Rating': '5', 'CommentHead': 'Great walkaround lens and amazing lens for an amateur macro enthusiast!', 'Comment': 'First of all thanks to Flipkart for the delivery within 3 days! and am glad that i purchased it during price slash season!!Lens review:Pros: 1. 1:1 macro capable lens at an affordable price.2. Closest distance from lens for 1:1 macro: 4 cm approx. (Great for product/still life macros)3. Great sharpness and amazing depth of field.4. Very great walkaround lens even during low light (because of F2.8 light) and a great portrait lens too!5. Close to noiseless and quick auto focus. Thanks t...', '_id': ObjectId('63f8b91ac2de92234a221e3b')}, {'Product': 'cameralens', 'Name': 'Avirup Chatterjee', 'Rating': '5', 'CommentHead': 'Tiny & Powerful', 'Comment': 'I bought this lens few days back, and I have started doing some closeup /macro shot from that days onwards. I was pretty much confused between 3 lens, 35mm , 40mm and 50mm. FYI I had some great interest in close up photography so I choose this one over 35mm while I have rejected 50mm due to its NOT-SO-VERSATILE angle of view.Good Things1. Amazingly Sharp.2. Beautiful color.3. Auto focus is pretty fast on infinite node.4. On 1:1 the bokeh effect is out of the world.5. Very versatile Pri...', '_id': ObjectId('63f8b91ac2de92234a221e3c')}, {'Product': 'cameralens', 'Name': 'Anirudh Praveen K R', 'Rating': '5', 'CommentHead': "A beginner's choice for macros and potraits", 'Comment': "Its been two months since i have started using this lens on my nikon 5200. I haven't removed it even once !  The images taken with this lens are sharp and vivid. With close macro, like in 1:1 circumstances, arriving at sharp point is difficult but with time you will get better. One problem I found with this lens is, ( as mentioned by many fellow buyers ) you have to move extremely close i.e. around 4cm from the subject to get 1:1. But little distance from the subject will not harm your photo ...", '_id': ObjectId('63f8b91ac2de92234a221e3d')}, {'Product': 'cameralens', 'Name': 'Sagar Maji', 'Rating': '5', 'CommentHead': 'Small wonder....just go for it without hesitation', 'Comment': "This is a small beautiful lens from nikon. It's also the only budget nikkor macro lens. I am using since last week. Pics are crisp as amazingly sharp as every other nikkor. Bokeh is just out of the world. Practically it can focus on any distance. Pros: Best macro-prime combo in this price rangeCons: You have to go too close to the subject to get 1:1 magnification", '_id': ObjectId('63f8b91ac2de92234a221e3e')}, {'Product': 'cameralens', 'Name': 'Sayed Mohamed Elampilakattu', 'Rating': '5', 'CommentHead': 'Nikon AF-S DX Micro NIKKOR 40mm f/2.8G', 'Comment': 'It\'s an excellent piece of glass, no doubt. I\'ve just bought it through flipkart and shoot some pictures. It\'s sharpness on all apertures are unique. My macro shots are also stunning. This lens is really versatile and great for it\'s price. And this is the sharpest among cheaper Nikkor lenses. Nikon proves their legacy to budget, entry level customers. Just one sentence about this lens: "A real professional quality on an amateure price". Just take it and enjoy...', '_id': ObjectId('63f8b91ac2de92234a221e3f')}, {'Product': 'cameralens', 'Name': 'M Pramanik', 'Rating': '5', 'CommentHead': 'Amazing Lens from Nikon', 'Comment': 'Amazing new Lens from Nikon. I like it to use always on my camera  and very good as normal lens - my favourite one.', '_id': ObjectId('63f8b91ac2de92234a221e40')}, {'Product': 'cameralens', 'Name': 'Bijit Kalita', 'Rating': '5', 'CommentHead': 'SHARP, TINY & MACRO', 'Comment': 'Its My fav lens, all time prime.40mm is near to geat for general purpose photography.It serves me as:1) General purpose @ 40mm2) Awesome macro3) Close portraits ( eqv to 60mm on a DX body)4) Smother bokeh, no less than 50mm 1.8g or 35mm 1.8gCons:1) Focus a bit slow, even with Infiniy-0.2mm2) Only for DX ( crop sensor)3) 40mm is a bit too short for serious macro purpose.OVERALL - ITS A GREAT NIKON GUY, HIGHLY RECOMMENDED for those who want to have a limited KIT.', '_id': ObjectId('63f8b91ac2de92234a221e41')}, {'Product': 'cameralens', 'Name': 'Animesh Bhalerao', 'Rating': '4', 'CommentHead': 'Good start', 'Comment': 'A nice piece of glass brilliant good for portraits and macro, though the 40mm reach seems quite a prob as u need to get more close to the subject where as a 105mm wud be suitable but instead of a 105mm macro one can buy a 2x teleconverter to double the reach plus n 80mm is quite satisfying and the telecoverter will compliment with ur others lenses too specially with a telephoto', '_id': ObjectId('63f8b91ac2de92234a221e42')}, {'Product': 'cameralens', 'Name': 'Animesh Bhalerao', 'Rating': 'No Rating', 'CommentHead': 'No Comment Heading', 'Comment': 'A nice piece of glass brilliant good for portraits and macro, though the 40mm reach seems quite a prob as u need to get more close to the subject where as a 105mm wud be suitable but instead of a 105mm macro one can buy a 2x teleconverter to double the reach plus n 80mm is quite satisfying and the telecoverter will compliment with ur others lenses too specially with a telephoto', '_id': ObjectId('63f8b91ac2de92234a221e43')}]
INFO:root:can only concatenate str (not "list") to str
INFO:werkzeug:127.0.0.1 - - [24/Feb/2023 18:48:18] "POST /review HTTP/1.1" 200 -
INFO:werkzeug:127.0.0.1 - - [24/Feb/2023 18:48:20] "GET / HTTP/1.1" 200 -
INFO:root:name
INFO:root:rating
INFO:root:No Comment Heading
INFO:root:'NoneType' object has no attribute 'div'
INFO:root:log my final result [{'Product': 'redmimobiles', 'Name': 'Rupam Dhara', 'Rating': '5', 'CommentHead': 'Fabulous!', 'Comment': 'Good phone in this price range, battery backup good, camera ok ok, and performance very very good \U0001f525 I am mi love And very fast delivery Flipkart, thanks', '_id': ObjectId('63f8b925c2de92234a221e45')}, {'Product': 'redmimobiles', 'Name': 'Soumadip Mondal', 'Rating': '4', 'CommentHead': 'Wonderful', 'Comment': 'Very nice mobile \U0001f973\U0001f60aPerformance is very good \U0001f60aCamera quality good \U0001f60aGood zooming colour boost \u2728I love it\U0001f618Thank you Flipkart \U0001f607\u2728', '_id': ObjectId('63f8b925c2de92234a221e46')}, {'Product': 'redmimobiles', 'Name': 'Kuldeep Singh', 'Rating': '5', 'CommentHead': 'Simply awesome', 'Comment': 'Good phone very nice working and good performance nice look', '_id': ObjectId('63f8b925c2de92234a221e47')}, {'Product': 'redmimobiles', 'Name': 'Nilesh  Gaidhani', 'Rating': '4', 'CommentHead': 'Good quality product', 'Comment': 'This phone camera is not good but you can use if you are a first phone buyerBattery is awesome after heavy use also not need to charge in a day Display also impresive in this segment HD+ 6.7inch quality was goodSpeaker is loud and clear no any problemPerformance is sometimes not good you can play candy crush game but frame drops are so high, I think I am using right now 90hz panel bcoz i feel poco M4 pro .Now your i first smartphone buyer this phone is great', '_id': ObjectId('63f8b925c2de92234a221e48')}, {'Product': 'redmimobiles', 'Name': 'Flipkart Customer', 'Rating': '5', 'CommentHead': 'Best in the market!', 'Comment': 'Better backup osm ans camere clarity is very good \U0001f60a i am happy for this product bec this product is excellent and this budget price is good  very happy \U0001f601', '_id': ObjectId('63f8b925c2de92234a221e49')}, {'Product': 'redmimobiles', 'Name': 'nitish gaurav', 'Rating': '5', 'CommentHead': 'Wonderful', 'Comment': "I m a regular customer of Mi ...redmi 10is awesome \U0001f44d. It's charging is very fast ...i m giving this review after 2 months ....i m satisfied with this ...plz go for this guys ..really awesome \U0001f44d products...thanks Flipkart", '_id': ObjectId('63f8b925c2de92234a221e4a')}, {'Product': 'redmimobiles', 'Name': 'Rahul Dhochak', 'Rating': '5', 'CommentHead': 'Wonderful', 'Comment': 'Mobile is best in this price rangeProcessor Qualcomm Snapdragon 680 is really powerful for multitasking and gamingCamera \U0001f4f7 Night mode is amazing \U0001f929Battery life is outstanding fabulous performanceReal 6000 MahOverall excellent performance5 star for Flipkart services', '_id': ObjectId('63f8b925c2de92234a221e4b')}, {'Product': 'redmimobiles', 'Name': 'Deepak kumar Shrivastava', 'Rating': '5', 'CommentHead': 'Brilliant', 'Comment': 'Awesome \U0001f60e Product Redmi has made cool phone this phone camera clicks a photo with HDR which will rock . And performance is the main thing in redmi . Front camera is \U0001f933 5 mega pixel but comes like 18 mega pixel. Although Redmi 10 is rocking phone.', '_id': ObjectId('63f8b925c2de92234a221e4c')}, {'Product': 'redmimobiles', 'Name': 'Amal Varghese', 'Rating': '4', 'CommentHead': 'Wonderful', 'Comment': 'Faster delivery,The Smartphone is budget and has spec that is Value for money, It is balanced in that area. Performance is good for the price. Battery is also good. But the software or UI experience is mostly trash.', '_id': ObjectId('63f8b925c2de92234a221e4d')}, {'Product': 'redmimobiles', 'Name': 'JEGADEESAN RAMALINGAM', 'Rating': '5', 'CommentHead': 'Mind-blowing purchase', 'Comment': 'Awseome Super fast Delivery ,Hats off flipkart Delivery division Ekart, Redmi 10 is Really superb perfomance in all aspect ,1st Snapdragon 680 processor is very fast after installing 23 Apps ,there is no slagness,2nd Camera is Excellent output with this price segmentwiithout insert the SIM using only wifi ,battery life  in standby mode for 3days is superb ,after prepare the backup in my oldmobile then only put the SIM & SD card. Overall amazing .thanks Redmi & Flipkart.....', '_id': ObjectId('63f8b925c2de92234a221e4e')}, {'Product': 'redmimobiles', 'Name': 'JEGADEESAN RAMALINGAM', 'Rating': 'No Rating', 'CommentHead': 'No Comment Heading', 'Comment': 'Awseome Super fast Delivery ,Hats off flipkart Delivery division Ekart, Redmi 10 is Really superb perfomance in all aspect ,1st Snapdragon 680 processor is very fast after installing 23 Apps ,there is no slagness,2nd Camera is Excellent output with this price segmentwiithout insert the SIM using only wifi ,battery life  in standby mode for 3days is superb ,after prepare the backup in my oldmobile then only put the SIM & SD card. Overall amazing .thanks Redmi & Flipkart.....', '_id': ObjectId('63f8b925c2de92234a221e4f')}]
INFO:root:can only concatenate str (not "list") to str
INFO:werkzeug:127.0.0.1 - - [24/Feb/2023 18:48:30] "POST /review HTTP/1.1" 200 -
INFO:werkzeug:[31m[1mWARNING: This is a development server. Do not use it in a production deployment. Use a production WSGI server instead.[0m
 * Running on all addresses (0.0.0.0)
 * Running on http://127.0.0.1:5000
 * Running on http://192.168.0.106:5000
INFO:werkzeug:[33mPress CTRL+C to quit[0m
INFO:werkzeug:127.0.0.1 - - [24/Feb/2023 18:54:36] "GET / HTTP/1.1" 200 -
INFO:root:name
INFO:root:rating
INFO:root:No Comment Heading
INFO:root:'NoneType' object has no attribute 'div'
INFO:root:write() argument must be str, not list
INFO:werkzeug:127.0.0.1 - - [24/Feb/2023 18:54:49] "POST /review HTTP/1.1" 200 -
INFO:werkzeug:127.0.0.1 - - [24/Feb/2023 18:54:52] "GET / HTTP/1.1" 200 -
INFO:werkzeug:127.0.0.1 - - [24/Feb/2023 18:57:09] "GET / HTTP/1.1" 200 -
INFO:werkzeug:[31m[1mWARNING: This is a development server. Do not use it in a production deployment. Use a production WSGI server instead.[0m
 * Running on all addresses (0.0.0.0)
 * Running on http://127.0.0.1:5000
 * Running on http://192.168.0.106:5000
INFO:werkzeug:[33mPress CTRL+C to quit[0m
INFO:werkzeug:127.0.0.1 - - [24/Feb/2023 18:57:19] "GET / HTTP/1.1" 200 -
INFO:werkzeug:127.0.0.1 - - [24/Feb/2023 18:57:20] "GET / HTTP/1.1" 200 -
INFO:root:name
INFO:root:rating
INFO:root:No Comment Heading
INFO:root:'NoneType' object has no attribute 'div'
INFO:root:log my final result [{'Product': 'ssd', 'Name': 'Samaresh  Das', 'Rating': '4', 'CommentHead': 'Excellent as expected.', 'Comment': 'The SSD is very fast and good. I brought the 1TB version for my laptop as I wanted to completely switch to SSD from HDD. It works as you expect, nothing to write home about. Very happy with the product but sadly I am giving it  4 stars as the packaging was very simple. No protection, only a box inside a thin packet.  On the journey, it had the risk of getting damaged, but fortunately, nothing happened but everyone might not have that fortune ;). Thanks', '_id': ObjectId('63f8bb3d93f5cdf4b5166934')}, {'Product': 'ssd', 'Name': 'tushar mehan', 'Rating': '4', 'CommentHead': 'Really Nice', 'Comment': 'Review after a day of usage .First of all thanks to Flipkart for 1 day delivery Crucial SSD is simply the best, made my grumpy laptop to again work like a teen :)1 rating less for the sake of packaging, it was horrible, the SSD could have damaged, there was no cushioning provided inside box.Very happy with 1 TB purchase, laptop bootup speed and overall seems like a new laptop', '_id': ObjectId('63f8bb3d93f5cdf4b5166935')}, {'Product': 'ssd', 'Name': 'Pardeep Kumar', 'Rating': '5', 'CommentHead': 'Highly recommended', 'Comment': 'Worked Perfectly with my HP ac 625tu laptop. Boot time is 4-5 seconds. App loads are very Fast.', '_id': ObjectId('63f8bb3d93f5cdf4b5166936')}, {'Product': 'ssd', 'Name': 'DevamOP', 'Rating': '5', 'CommentHead': 'Simply awesome', 'Comment': 'Good Fast SSD I like it', '_id': ObjectId('63f8bb3d93f5cdf4b5166937')}, {'Product': 'ssd', 'Name': 'Dilawar  sabharwal', 'Rating': '1', 'CommentHead': 'Unsatisfactory', 'Comment': 'SSD read and write speed both are slow', '_id': ObjectId('63f8bb3d93f5cdf4b5166938')}, {'Product': 'ssd', 'Name': 'Barun kumar Nath', 'Rating': '5', 'CommentHead': 'Worth every penny', 'Comment': 'Like it\U0001f44d...', '_id': ObjectId('63f8bb3d93f5cdf4b5166939')}, {'Product': 'ssd', 'Name': 'Alamgir   Sardar', 'Rating': '1', 'CommentHead': 'Terrible product', 'Comment': "I received a damaged SSD. when I installed in my system shows nothing. no icon display after long trial. I connected all SATA ports but I could not see any icon or memorial space. don't buy this SSD. it is not a 3D NAND SSD.", '_id': ObjectId('63f8bb3d93f5cdf4b516693a')}, {'Product': 'ssd', 'Name': 'Nishant Rajput', 'Rating': '5', 'CommentHead': 'Highly recommended', 'Comment': 'best, my super slow laptop became super fast, with superfast boot', '_id': ObjectId('63f8bb3d93f5cdf4b516693b')}, {'Product': 'ssd', 'Name': 'Flipkart Customer', 'Rating': '1', 'CommentHead': 'Useless product', 'Comment': 'producat is bad', '_id': ObjectId('63f8bb3d93f5cdf4b516693c')}, {'Product': 'ssd', 'Name': 'SOURAV KUMAR', 'Rating': '5', 'CommentHead': 'Fabulous!', 'Comment': 'Good speed ssd and best for pc and laptop and I am using for only storage.', '_id': ObjectId('63f8bb3d93f5cdf4b516693d')}, {'Product': 'ssd', 'Name': 'SOURAV KUMAR', 'Rating': 'No Rating', 'CommentHead': 'No Comment Heading', 'Comment': 'Good speed ssd and best for pc and laptop and I am using for only storage.', '_id': ObjectId('63f8bb3d93f5cdf4b516693e')}]
INFO:werkzeug:127.0.0.1 - - [24/Feb/2023 18:57:25] "POST /review HTTP/1.1" 200 -
INFO:werkzeug:127.0.0.1 - - [24/Feb/2023 18:58:52] "GET /review HTTP/1.1" 200 -
INFO:root:name
INFO:root:rating
INFO:root:No Comment Heading
INFO:root:'NoneType' object has no attribute 'div'
INFO:root:log my final result [{'Product': 'ssd', 'Name': 'kunal  chhetri ', 'Rating': '5', 'CommentHead': 'Terrific purchase', 'Comment': 'Best ssd ever my laptop is 10x faster and runs smooth wohoo  I am really happy\u2728', '_id': ObjectId('63f8bb9b93f5cdf4b5166940')}, {'Product': 'ssd', 'Name': 'Pratimesh Shinde', 'Rating': '5', 'CommentHead': 'Just wow!', 'Comment': 'Great in price', '_id': ObjectId('63f8bb9b93f5cdf4b5166941')}, {'Product': 'ssd', 'Name': 'was Im', 'Rating': '1', 'CommentHead': "Don't waste your money", 'Comment': 'Recieved faulty product', '_id': ObjectId('63f8bb9b93f5cdf4b5166942')}, {'Product': 'ssd', 'Name': 'pritesh pardeshi', 'Rating': '5', 'CommentHead': 'Simply awesome', 'Comment': 'Very faster ssd 10x fast full satisfaction', '_id': ObjectId('63f8bb9b93f5cdf4b5166943')}, {'Product': 'ssd', 'Name': 'NOFIL MAKNOJIA', 'Rating': '5', 'CommentHead': 'Fast and Furious', 'Comment': 'Definitely improved the performance of my old laptop.', '_id': ObjectId('63f8bb9b93f5cdf4b5166944')}, {'Product': 'ssd', 'Name': 'Vishal Biswas', 'Rating': '5', 'CommentHead': 'Awesome', 'Comment': "It's awesome ...I used it in my Asus Vivobook 14 and working like a beast", '_id': ObjectId('63f8bb9b93f5cdf4b5166945')}, {'Product': 'ssd', 'Name': 'SANDIPKUMAR  KADIYA', 'Rating': '5', 'CommentHead': 'Super!', 'Comment': 'Awesome product \U0001f44dGood speed good productGood work', '_id': ObjectId('63f8bb9b93f5cdf4b5166946')}, {'Product': 'ssd', 'Name': 'Vicky Singh Rajput', 'Rating': '4', 'CommentHead': 'Delightful', 'Comment': 'Very good', '_id': ObjectId('63f8bb9b93f5cdf4b5166947')}, {'Product': 'ssd', 'Name': 'Muminuz Zaman Laskar', 'Rating': '3', 'CommentHead': 'Does the job', 'Comment': 'Not good', '_id': ObjectId('63f8bb9b93f5cdf4b5166948')}, {'Product': 'ssd', 'Name': 'NAVNEET KUMAR RAI', 'Rating': '1', 'CommentHead': 'Very poor', 'Comment': 'Do not buy no return policy very bad', '_id': ObjectId('63f8bb9b93f5cdf4b5166949')}, {'Product': 'ssd', 'Name': 'NAVNEET KUMAR RAI', 'Rating': 'No Rating', 'CommentHead': 'No Comment Heading', 'Comment': 'Do not buy no return policy very bad', '_id': ObjectId('63f8bb9b93f5cdf4b516694a')}]
INFO:werkzeug:127.0.0.1 - - [24/Feb/2023 18:58:59] "POST /review HTTP/1.1" 200 -
INFO:werkzeug:[31m[1mWARNING: This is a development server. Do not use it in a production deployment. Use a production WSGI server instead.[0m
 * Running on all addresses (0.0.0.0)
 * Running on http://127.0.0.1:5000
 * Running on http://192.168.0.106:5000
INFO:werkzeug:[33mPress CTRL+C to quit[0m
INFO:werkzeug:127.0.0.1 - - [24/Feb/2023 18:59:27] "GET /review HTTP/1.1" 200 -
INFO:root:name
INFO:root:rating
INFO:root:No Comment Heading
INFO:root:'NoneType' object has no attribute 'div'
INFO:root:No engine for filetype: ''
INFO:werkzeug:127.0.0.1 - - [24/Feb/2023 18:59:31] "POST /review HTTP/1.1" 200 -
INFO:werkzeug:127.0.0.1 - - [24/Feb/2023 18:59:33] "GET / HTTP/1.1" 200 -
INFO:root:name
INFO:root:rating
INFO:root:No Comment Heading
INFO:root:'NoneType' object has no attribute 'div'
INFO:root:No engine for filetype: ''
INFO:werkzeug:127.0.0.1 - - [24/Feb/2023 18:59:39] "POST /review HTTP/1.1" 200 -
INFO:werkzeug:127.0.0.1 - - [24/Feb/2023 19:00:32] "GET / HTTP/1.1" 200 -
INFO:werkzeug:[31m[1mWARNING: This is a development server. Do not use it in a production deployment. Use a production WSGI server instead.[0m
 * Running on all addresses (0.0.0.0)
 * Running on http://127.0.0.1:5000
 * Running on http://192.168.0.106:5000
INFO:werkzeug:[33mPress CTRL+C to quit[0m
INFO:werkzeug:127.0.0.1 - - [24/Feb/2023 19:04:05] "GET / HTTP/1.1" 200 -
INFO:root:name
INFO:root:rating
INFO:root:No Comment Heading
INFO:root:'NoneType' object has no attribute 'div'
INFO:root:log my final result [{'Product': 'mobiles', 'Name': 'Rajesh Sethi', 'Rating': '5', 'CommentHead': 'Simply awesome', 'Comment': 'Phone is a so best priceAnd a good quality camera and then budget friendly mobile also is best back design looking so awesome', '_id': ObjectId('63f8bcd45a61ade71d4d6181')}, {'Product': 'mobiles', 'Name': 'Rajesh Udeshi', 'Rating': '4', 'CommentHead': 'Worth the money', 'Comment': 'Very Nice Phone and Nice camera clarity and Night mode very Nice Battery Backup', '_id': ObjectId('63f8bcd45a61ade71d4d6182')}, {'Product': 'mobiles', 'Name': 'ROSHAN KUMAR PRASAD ', 'Rating': '5', 'CommentHead': 'Classy product', 'Comment': '\U0001f60dAwesome phone nice performance lite weight ,super design are really good and awesome Thank you flipkart\u2764\ufe0f\U0001f44d', '_id': ObjectId('63f8bcd45a61ade71d4d6183')}, {'Product': 'mobiles', 'Name': 'Avijit ghorui', 'Rating': '5', 'CommentHead': 'Perfect product!', 'Comment': 'This is a very stylish Mobile on this price range, i take Midnight Galaxy Black colour,1. Back side colour of this mobile seriously impressed me lot2. Vivo camera no doubt good on that price,3. Battery Backup good ( using 14- 15 hour on wifi remaining 65-70 % charge )4. Fast charging ( Full charge within 1:15 HR )', '_id': ObjectId('63f8bcd45a61ade71d4d6184')}, {'Product': 'mobiles', 'Name': 'Ritesh kumar Rai', 'Rating': '5', 'CommentHead': 'Mind-blowing purchase', 'Comment': 'I like this product used very smooth and camera quality is so good best phone purchase it display full hd battery backup is so good.....\U0001f917', '_id': ObjectId('63f8bcd45a61ade71d4d6185')}, {'Product': 'mobiles', 'Name': 'Flipkart Customer', 'Rating': '4', 'CommentHead': 'Pretty good', 'Comment': 'This is awesome product nice phone it is the good feuthere thank you vivo', '_id': ObjectId('63f8bcd45a61ade71d4d6186')}, {'Product': 'mobiles', 'Name': 'Shekhar ....', 'Rating': '5', 'CommentHead': 'Classy product', 'Comment': 'Best 4g phone in this price segment. I am very happy \U0001f60a thankyou flipkart. and Vivo for making this amazing device. Screen is very impressive. Camera is decent. Full charging in 80 minute .No network problem. Most important thing is design very nice \U0001f642', '_id': ObjectId('63f8bcd45a61ade71d4d6187')}, {'Product': 'mobiles', 'Name': 'JITESH CHAUHAN', 'Rating': '5', 'CommentHead': 'Worth every penny', 'Comment': 'Buy this for my wife on the day of open sale. Delivery is late by the flipkart but yet I am really happy with the product. Delivery man give the open box delivery at the doorstep which is awesome. 1. Camera is whao as usually like tipical vivo phone not checked the night mod yet. 2. You will get 4+1 ram which is really nice in this range. 3. Display is also goodOverall value for money go for it.', '_id': ObjectId('63f8bcd45a61ade71d4d6188')}, {'Product': 'mobiles', 'Name': 'Laxman Ankireddy', 'Rating': '4', 'CommentHead': 'Delightful', 'Comment': "It's a good mobile in 4g segment with amoled display...and light weight .. battery performance was good...but the touch sensitivity was slow...I ll prefer for average users..not good 4 heavy users...camera was not upto the mark...I took the ice dawn color..it's a killer look n awesome....", '_id': ObjectId('63f8bcd45a61ade71d4d6189')}, {'Product': 'mobiles', 'Name': 'M Muqeeb Ansari', 'Rating': '5', 'CommentHead': 'Highly recommended', 'Comment': 'Best performance smartphone everMidium usersWell performance processor 4g+ 2.4 ghz 6nmNeed improve battery consumption but good Camera is excellence \U0001f973\U0001f973Charging is late 1.30hrs approx Charging improvement     44W but  not satisfactoryNo gaming  \U0001f605\U0001f605. Mid. Colour is very pretty &nice  also look is excellenceFeel like 25to30k  only feel\U0001f602\U0001f602Medium users must buy  It my opinion.      Thank Flipkart & thank sellar for fast delivery', '_id': ObjectId('63f8bcd45a61ade71d4d618a')}, {'Product': 'mobiles', 'Name': 'M Muqeeb Ansari', 'Rating': 'No Rating', 'CommentHead': 'No Comment Heading', 'Comment': 'Best performance smartphone everMidium usersWell performance processor 4g+ 2.4 ghz 6nmNeed improve battery consumption but good Camera is excellence \U0001f973\U0001f973Charging is late 1.30hrs approx Charging improvement     44W but  not satisfactoryNo gaming  \U0001f605\U0001f605. Mid. Colour is very pretty &nice  also look is excellenceFeel like 25to30k  only feel\U0001f602\U0001f602Medium users must buy  It my opinion.      Thank Flipkart & thank sellar for fast delivery', '_id': ObjectId('63f8bcd45a61ade71d4d618b')}]
INFO:werkzeug:127.0.0.1 - - [24/Feb/2023 19:04:12] "POST /review HTTP/1.1" 200 -
INFO:werkzeug:127.0.0.1 - - [24/Feb/2023 19:14:02] "GET / HTTP/1.1" 200 -
INFO:root:name
INFO:root:rating
INFO:root:No Comment Heading
INFO:root:'NoneType' object has no attribute 'div'
INFO:root:log my final result [{'Product': 'acerspin3', 'Name': 'Dharmendra singh Rana', 'Rating': '5', 'CommentHead': 'Fabulous!', 'Comment': 'very good but small in size but very good and company Is also good I like this mouse very much and   very adorable plz buy', '_id': ObjectId('63f8bf2a5a61ade71d4d618d')}, {'Product': 'acerspin3', 'Name': 'Flipkart Customer', 'Rating': '5', 'CommentHead': 'Brilliant', 'Comment': 'product is good quality so small but easy to use and carry liked the product so cute', '_id': ObjectId('63f8bf2a5a61ade71d4d618e')}, {'Product': 'acerspin3', 'Name': 'Flipkart Customer', 'Rating': '5', 'CommentHead': 'Highly recommended', 'Comment': 'Good quality and good work so beautifull mouse and thank you Flipkart.', '_id': ObjectId('63f8bf2a5a61ade71d4d618f')}, {'Product': 'acerspin3', 'Name': 'Subhadeep Biswas', 'Rating': '4', 'CommentHead': 'Good quality product', 'Comment': 'Mouse size is on smaller size, but response good... Comfortable in hand...', '_id': ObjectId('63f8bf2a5a61ade71d4d6190')}, {'Product': 'acerspin3', 'Name': 'Smiley', 'Rating': '5', 'CommentHead': 'Excellent', 'Comment': 'Lovely\u2764\ufe0f', '_id': ObjectId('63f8bf2a5a61ade71d4d6191')}, {'Product': 'acerspin3', 'Name': 'irfan  khan', 'Rating': '5', 'CommentHead': 'Must buy!', 'Comment': 'Good quality,  mouse wire more than 1 metre.', '_id': ObjectId('63f8bf2a5a61ade71d4d6192')}, {'Product': 'acerspin3', 'Name': 'Abirami C', 'Rating': '4', 'CommentHead': 'Nice product', 'Comment': 'Mouse is so smaall, but its working properly, good.', '_id': ObjectId('63f8bf2a5a61ade71d4d6193')}, {'Product': 'acerspin3', 'Name': 'Ankit Patel', 'Rating': '5', 'CommentHead': 'Simply awesome', 'Comment': 'Best byyyy love \u2764\ufe0f\u2764\ufe0f it', '_id': ObjectId('63f8bf2a5a61ade71d4d6194')}, {'Product': 'acerspin3', 'Name': 'Flipkart Customer', 'Rating': '5', 'CommentHead': 'Must buy!', 'Comment': 'Very good very nice', '_id': ObjectId('63f8bf2a5a61ade71d4d6195')}, {'Product': 'acerspin3', 'Name': 'Mayank Chauhan', 'Rating': '5', 'CommentHead': 'Best in the market!', 'Comment': 'Nice product in this price \U0001f44c\U0001f44d', '_id': ObjectId('63f8bf2a5a61ade71d4d6196')}, {'Product': 'acerspin3', 'Name': 'Mayank Chauhan', 'Rating': 'No Rating', 'CommentHead': 'No Comment Heading', 'Comment': 'Nice product in this price \U0001f44c\U0001f44d', '_id': ObjectId('63f8bf2a5a61ade71d4d6197')}]
INFO:werkzeug:127.0.0.1 - - [24/Feb/2023 19:14:11] "POST /review HTTP/1.1" 200 -
